This is pdfTeX, Version 3.1415926-2.5-1.40.14 (MiKTeX 2.9 64-bit) (preloaded format=pdflatex 2017.2.20)  13 MAR 2017 19:29
entering extended mode
**sablona.tex
("C:\Users\krejci\OneDrive\VUT - diplomka\sablona.tex"
LaTeX2e <2011/06/27>
Babel <v3.8m> and hyphenation patterns for english, afrikaans, ancientgreek, arabic, armenian, assamese, basque, bengali
, bokmal, bulgarian, catalan, coptic, croatian, czech, danish, dutch, esperanto, estonian, farsi, finnish, french, galic
ian, german, german-x-2013-05-26, greek, gujarati, hindi, hungarian, icelandic, indonesian, interlingua, irish, italian,
 kannada, kurmanji, latin, latvian, lithuanian, malayalam, marathi, mongolian, mongolianlmc, monogreek, ngerman, ngerman
-x-2013-05-26, nynorsk, oriya, panjabi, pinyin, polish, portuguese, romanian, russian, sanskrit, serbian, slovak, sloven
ian, spanish, swedish, swissgerman, tamil, telugu, turkish, turkmen, ukenglish, ukrainian, uppersorbian, usenglishmax, w
elsh, loaded.
("C:\Program Files\MiKTeX 2.9\tex\latex\base\report.cls"
Document Class: report 2007/10/19 v1.4h Standard LaTeX document class
("C:\Program Files\MiKTeX 2.9\tex\latex\base\size12.clo"
File: size12.clo 2007/10/19 v1.4h Standard LaTeX file (size option)
)
\c@part=\count79
\c@chapter=\count80
\c@section=\count81
\c@subsection=\count82
\c@subsubsection=\count83
\c@paragraph=\count84
\c@subparagraph=\count85
\c@figure=\count86
\c@table=\count87
\abovecaptionskip=\skip41
\belowcaptionskip=\skip42
\bibindent=\dimen102
) ("C:\Program Files\MiKTeX 2.9\tex\latex\base\inputenc.sty"
Package: inputenc 2008/03/30 v1.1d Input encoding file
\inpenc@prehook=\toks14
\inpenc@posthook=\toks15

("C:\Program Files\MiKTeX 2.9\tex\latex\base\utf8.def"
File: utf8.def 2008/04/05 v1.1m UTF-8 support for inputenc
Now handling font encoding OML ...
... no UTF-8 mapping file for font encoding OML
Now handling font encoding T1 ...
... processing UTF-8 mapping file for font encoding T1
 ("C:\Program Files\MiKTeX 2.9\tex\latex\base\t1enc.dfu"
File: t1enc.dfu 2008/04/05 v1.1m UTF-8 support for inputenc
   defining Unicode char U+00A1 (decimal 161)
   defining Unicode char U+00A3 (decimal 163)
   defining Unicode char U+00AB (decimal 171)
   defining Unicode char U+00BB (decimal 187)
   defining Unicode char U+00BF (decimal 191)
   defining Unicode char U+00C0 (decimal 192)
   defining Unicode char U+00C1 (decimal 193)
   defining Unicode char U+00C2 (decimal 194)
   defining Unicode char U+00C3 (decimal 195)
   defining Unicode char U+00C4 (decimal 196)
   defining Unicode char U+00C5 (decimal 197)
   defining Unicode char U+00C6 (decimal 198)
   defining Unicode char U+00C7 (decimal 199)
   defining Unicode char U+00C8 (decimal 200)
   defining Unicode char U+00C9 (decimal 201)
   defining Unicode char U+00CA (decimal 202)
   defining Unicode char U+00CB (decimal 203)
   defining Unicode char U+00CC (decimal 204)
   defining Unicode char U+00CD (decimal 205)
   defining Unicode char U+00CE (decimal 206)
   defining Unicode char U+00CF (decimal 207)
   defining Unicode char U+00D0 (decimal 208)
   defining Unicode char U+00D1 (decimal 209)
   defining Unicode char U+00D2 (decimal 210)
   defining Unicode char U+00D3 (decimal 211)
   defining Unicode char U+00D4 (decimal 212)
   defining Unicode char U+00D5 (decimal 213)
   defining Unicode char U+00D6 (decimal 214)
   defining Unicode char U+00D8 (decimal 216)
   defining Unicode char U+00D9 (decimal 217)
   defining Unicode char U+00DA (decimal 218)
   defining Unicode char U+00DB (decimal 219)
   defining Unicode char U+00DC (decimal 220)
   defining Unicode char U+00DD (decimal 221)
   defining Unicode char U+00DE (decimal 222)
   defining Unicode char U+00DF (decimal 223)
   defining Unicode char U+00E0 (decimal 224)
   defining Unicode char U+00E1 (decimal 225)
   defining Unicode char U+00E2 (decimal 226)
   defining Unicode char U+00E3 (decimal 227)
   defining Unicode char U+00E4 (decimal 228)
   defining Unicode char U+00E5 (decimal 229)
   defining Unicode char U+00E6 (decimal 230)
   defining Unicode char U+00E7 (decimal 231)
   defining Unicode char U+00E8 (decimal 232)
   defining Unicode char U+00E9 (decimal 233)
   defining Unicode char U+00EA (decimal 234)
   defining Unicode char U+00EB (decimal 235)
   defining Unicode char U+00EC (decimal 236)
   defining Unicode char U+00ED (decimal 237)
   defining Unicode char U+00EE (decimal 238)
   defining Unicode char U+00EF (decimal 239)
   defining Unicode char U+00F0 (decimal 240)
   defining Unicode char U+00F1 (decimal 241)
   defining Unicode char U+00F2 (decimal 242)
   defining Unicode char U+00F3 (decimal 243)
   defining Unicode char U+00F4 (decimal 244)
   defining Unicode char U+00F5 (decimal 245)
   defining Unicode char U+00F6 (decimal 246)
   defining Unicode char U+00F8 (decimal 248)
   defining Unicode char U+00F9 (decimal 249)
   defining Unicode char U+00FA (decimal 250)
   defining Unicode char U+00FB (decimal 251)
   defining Unicode char U+00FC (decimal 252)
   defining Unicode char U+00FD (decimal 253)
   defining Unicode char U+00FE (decimal 254)
   defining Unicode char U+00FF (decimal 255)
   defining Unicode char U+0102 (decimal 258)
   defining Unicode char U+0103 (decimal 259)
   defining Unicode char U+0104 (decimal 260)
   defining Unicode char U+0105 (decimal 261)
   defining Unicode char U+0106 (decimal 262)
   defining Unicode char U+0107 (decimal 263)
   defining Unicode char U+010C (decimal 268)
   defining Unicode char U+010D (decimal 269)
   defining Unicode char U+010E (decimal 270)
   defining Unicode char U+010F (decimal 271)
   defining Unicode char U+0110 (decimal 272)
   defining Unicode char U+0111 (decimal 273)
   defining Unicode char U+0118 (decimal 280)
   defining Unicode char U+0119 (decimal 281)
   defining Unicode char U+011A (decimal 282)
   defining Unicode char U+011B (decimal 283)
   defining Unicode char U+011E (decimal 286)
   defining Unicode char U+011F (decimal 287)
   defining Unicode char U+0130 (decimal 304)
   defining Unicode char U+0131 (decimal 305)
   defining Unicode char U+0132 (decimal 306)
   defining Unicode char U+0133 (decimal 307)
   defining Unicode char U+0139 (decimal 313)
   defining Unicode char U+013A (decimal 314)
   defining Unicode char U+013D (decimal 317)
   defining Unicode char U+013E (decimal 318)
   defining Unicode char U+0141 (decimal 321)
   defining Unicode char U+0142 (decimal 322)
   defining Unicode char U+0143 (decimal 323)
   defining Unicode char U+0144 (decimal 324)
   defining Unicode char U+0147 (decimal 327)
   defining Unicode char U+0148 (decimal 328)
   defining Unicode char U+014A (decimal 330)
   defining Unicode char U+014B (decimal 331)
   defining Unicode char U+0150 (decimal 336)
   defining Unicode char U+0151 (decimal 337)
   defining Unicode char U+0152 (decimal 338)
   defining Unicode char U+0153 (decimal 339)
   defining Unicode char U+0154 (decimal 340)
   defining Unicode char U+0155 (decimal 341)
   defining Unicode char U+0158 (decimal 344)
   defining Unicode char U+0159 (decimal 345)
   defining Unicode char U+015A (decimal 346)
   defining Unicode char U+015B (decimal 347)
   defining Unicode char U+015E (decimal 350)
   defining Unicode char U+015F (decimal 351)
   defining Unicode char U+0160 (decimal 352)
   defining Unicode char U+0161 (decimal 353)
   defining Unicode char U+0162 (decimal 354)
   defining Unicode char U+0163 (decimal 355)
   defining Unicode char U+0164 (decimal 356)
   defining Unicode char U+0165 (decimal 357)
   defining Unicode char U+016E (decimal 366)
   defining Unicode char U+016F (decimal 367)
   defining Unicode char U+0170 (decimal 368)
   defining Unicode char U+0171 (decimal 369)
   defining Unicode char U+0178 (decimal 376)
   defining Unicode char U+0179 (decimal 377)
   defining Unicode char U+017A (decimal 378)
   defining Unicode char U+017B (decimal 379)
   defining Unicode char U+017C (decimal 380)
   defining Unicode char U+017D (decimal 381)
   defining Unicode char U+017E (decimal 382)
   defining Unicode char U+200C (decimal 8204)
   defining Unicode char U+2013 (decimal 8211)
   defining Unicode char U+2014 (decimal 8212)
   defining Unicode char U+2018 (decimal 8216)
   defining Unicode char U+2019 (decimal 8217)
   defining Unicode char U+201A (decimal 8218)
   defining Unicode char U+201C (decimal 8220)
   defining Unicode char U+201D (decimal 8221)
   defining Unicode char U+201E (decimal 8222)
   defining Unicode char U+2030 (decimal 8240)
   defining Unicode char U+2031 (decimal 8241)
   defining Unicode char U+2039 (decimal 8249)
   defining Unicode char U+203A (decimal 8250)
   defining Unicode char U+2423 (decimal 9251)
)
Now handling font encoding OT1 ...
... processing UTF-8 mapping file for font encoding OT1

("C:\Program Files\MiKTeX 2.9\tex\latex\base\ot1enc.dfu"
File: ot1enc.dfu 2008/04/05 v1.1m UTF-8 support for inputenc
   defining Unicode char U+00A1 (decimal 161)
   defining Unicode char U+00A3 (decimal 163)
   defining Unicode char U+00B8 (decimal 184)
   defining Unicode char U+00BF (decimal 191)
   defining Unicode char U+00C5 (decimal 197)
   defining Unicode char U+00C6 (decimal 198)
   defining Unicode char U+00D8 (decimal 216)
   defining Unicode char U+00DF (decimal 223)
   defining Unicode char U+00E6 (decimal 230)
   defining Unicode char U+00EC (decimal 236)
   defining Unicode char U+00ED (decimal 237)
   defining Unicode char U+00EE (decimal 238)
   defining Unicode char U+00EF (decimal 239)
   defining Unicode char U+00F8 (decimal 248)
   defining Unicode char U+0131 (decimal 305)
   defining Unicode char U+0141 (decimal 321)
   defining Unicode char U+0142 (decimal 322)
   defining Unicode char U+0152 (decimal 338)
   defining Unicode char U+0153 (decimal 339)
   defining Unicode char U+2013 (decimal 8211)
   defining Unicode char U+2014 (decimal 8212)
   defining Unicode char U+2018 (decimal 8216)
   defining Unicode char U+2019 (decimal 8217)
   defining Unicode char U+201C (decimal 8220)
   defining Unicode char U+201D (decimal 8221)
)
Now handling font encoding OMS ...
... processing UTF-8 mapping file for font encoding OMS
 ("C:\Program Files\MiKTeX 2.9\tex\latex\base\omsenc.dfu"
File: omsenc.dfu 2008/04/05 v1.1m UTF-8 support for inputenc
   defining Unicode char U+00A7 (decimal 167)
   defining Unicode char U+00B6 (decimal 182)
   defining Unicode char U+00B7 (decimal 183)
   defining Unicode char U+2020 (decimal 8224)
   defining Unicode char U+2021 (decimal 8225)
   defining Unicode char U+2022 (decimal 8226)
)
Now handling font encoding OMX ...
... no UTF-8 mapping file for font encoding OMX
Now handling font encoding U ...
... no UTF-8 mapping file for font encoding U
   defining Unicode char U+00A9 (decimal 169)
   defining Unicode char U+00AA (decimal 170)
   defining Unicode char U+00AE (decimal 174)
   defining Unicode char U+00BA (decimal 186)
   defining Unicode char U+02C6 (decimal 710)
   defining Unicode char U+02DC (decimal 732)
   defining Unicode char U+200C (decimal 8204)
   defining Unicode char U+2026 (decimal 8230)
   defining Unicode char U+2122 (decimal 8482)
   defining Unicode char U+2423 (decimal 9251)
))
("C:\Program Files\MiKTeX 2.9\tex\latex\graphics\graphicx.sty"
Package: graphicx 1999/02/16 v1.0f Enhanced LaTeX Graphics (DPC,SPQR)

("C:\Program Files\MiKTeX 2.9\tex\latex\graphics\keyval.sty"
Package: keyval 1999/03/16 v1.13 key=value parser (DPC)
\KV@toks@=\toks16
)
("C:\Program Files\MiKTeX 2.9\tex\latex\graphics\graphics.sty"
Package: graphics 2009/02/05 v1.0o Standard LaTeX Graphics (DPC,SPQR)
 ("C:\Program Files\MiKTeX 2.9\tex\latex\graphics\trig.sty"
Package: trig 1999/03/16 v1.09 sin cos tan (DPC)
) ("C:\Program Files\MiKTeX 2.9\tex\latex\00miktex\graphics.cfg"
File: graphics.cfg 2007/01/18 v1.5 graphics configuration of teTeX/TeXLive
)
Package graphics Info: Driver file: pdftex.def on input line 91.

("C:\Program Files\MiKTeX 2.9\tex\latex\pdftex-def\pdftex.def"
File: pdftex.def 2011/05/27 v0.06d Graphics/color for pdfTeX

("C:\Program Files\MiKTeX 2.9\tex\generic\oberdiek\infwarerr.sty"
Package: infwarerr 2010/04/08 v1.3 Providing info/warning/error messages (HO)
)
("C:\Program Files\MiKTeX 2.9\tex\generic\oberdiek\ltxcmds.sty"
Package: ltxcmds 2011/11/09 v1.22 LaTeX kernel commands for general use (HO)
)
\Gread@gobject=\count88
))
\Gin@req@height=\dimen103
\Gin@req@width=\dimen104
) ("C:\Program Files\MiKTeX 2.9\tex\latex\url\url.sty"
\Urlmuskip=\muskip10
Package: url 2006/04/12  ver 3.3  Verb mode for urls, etc.
) ("C:\Program Files\MiKTeX 2.9\tex\latex\acronym\acronym.sty"
Package: acronym 2012/10/29 v1.38 Support for acronyms (Tobias Oetiker)
 ("C:\Program Files\MiKTeX 2.9\tex\latex\bigfoot\suffix.sty"
Package: suffix 2006/07/15 1.5 Variant command support
) ("C:\Program Files\MiKTeX 2.9\tex\latex\xstring\xstring.sty"
("C:\Program Files\MiKTeX 2.9\tex\generic\xstring\xstring.tex"
\@xs@message=\write3
\integerpart=\count89
\decimalpart=\count90
)
Package: xstring 2013/07/29  v1.7b  String manipulations (C Tellechea)
)
\AC@clearlist=\toks17
)
("C:\Program Files\MiKTeX 2.9\tex\latex\hyperref\hyperref.sty"
Package: hyperref 2012/11/06 v6.83m Hypertext links for LaTeX

("C:\Program Files\MiKTeX 2.9\tex\generic\oberdiek\hobsub-hyperref.sty"
Package: hobsub-hyperref 2012/04/25 v1.12 Bundle oberdiek, subset hyperref (HO)

("C:\Program Files\MiKTeX 2.9\tex\generic\oberdiek\hobsub-generic.sty"
Package: hobsub-generic 2012/04/25 v1.12 Bundle oberdiek, subset generic (HO)
Package: hobsub 2012/04/25 v1.12 Construct package bundles (HO)
Package hobsub Info: Skipping package `infwarerr' (already loaded).
Package hobsub Info: Skipping package `ltxcmds' (already loaded).
Package: ifluatex 2010/03/01 v1.3 Provides the ifluatex switch (HO)
Package ifluatex Info: LuaTeX not detected.
Package: ifvtex 2010/03/01 v1.5 Detect VTeX and its facilities (HO)
Package ifvtex Info: VTeX not detected.
Package: intcalc 2007/09/27 v1.1 Expandable calculations with integers (HO)
Package: ifpdf 2011/01/30 v2.3 Provides the ifpdf switch (HO)
Package ifpdf Info: pdfTeX in PDF mode is detected.
Package: etexcmds 2011/02/16 v1.5 Avoid name clashes with e-TeX commands (HO)
Package etexcmds Info: Could not find \expanded.
(etexcmds)             That can mean that you are not using pdfTeX 1.50 or
(etexcmds)             that some package has redefined \expanded.
(etexcmds)             In the latter case, load this package earlier.
Package: kvsetkeys 2012/04/25 v1.16 Key value parser (HO)
Package: kvdefinekeys 2011/04/07 v1.3 Define keys (HO)
Package: pdftexcmds 2011/11/29 v0.20 Utility functions of pdfTeX for LuaTeX (HO)
Package pdftexcmds Info: LuaTeX not detected.
Package pdftexcmds Info: \pdf@primitive is available.
Package pdftexcmds Info: \pdf@ifprimitive is available.
Package pdftexcmds Info: \pdfdraftmode found.
Package: pdfescape 2011/11/25 v1.13 Implements pdfTeX's escape features (HO)
Package: bigintcalc 2012/04/08 v1.3 Expandable calculations on big integers (HO)
Package: bitset 2011/01/30 v1.1 Handle bit-vector datatype (HO)
Package: uniquecounter 2011/01/30 v1.2 Provide unlimited unique counter (HO)
)
Package hobsub Info: Skipping package `hobsub' (already loaded).
Package: letltxmacro 2010/09/02 v1.4 Let assignment for LaTeX macros (HO)
Package: hopatch 2011/06/24 v1.1 Wrapper for package hooks (HO)
Package: xcolor-patch 2011/01/30 xcolor patch
Package: atveryend 2011/06/30 v1.8 Hooks at the very end of document (HO)
Package atveryend Info: \enddocument detected (standard20110627).
Package: atbegshi 2011/10/05 v1.16 At begin shipout hook (HO)
Package: refcount 2011/10/16 v3.4 Data extraction from label references (HO)
Package: hycolor 2011/01/30 v1.7 Color options for hyperref/bookmark (HO)
)
("C:\Program Files\MiKTeX 2.9\tex\generic\ifxetex\ifxetex.sty"
Package: ifxetex 2010/09/12 v0.6 Provides ifxetex conditional
)
("C:\Program Files\MiKTeX 2.9\tex\latex\oberdiek\auxhook.sty"
Package: auxhook 2011/03/04 v1.3 Hooks for auxiliary files (HO)
)
("C:\Program Files\MiKTeX 2.9\tex\latex\oberdiek\kvoptions.sty"
Package: kvoptions 2011/06/30 v3.11 Key value format for package options (HO)
)
\@linkdim=\dimen105
\Hy@linkcounter=\count91
\Hy@pagecounter=\count92

("C:\Program Files\MiKTeX 2.9\tex\latex\hyperref\pd1enc.def"
File: pd1enc.def 2012/11/06 v6.83m Hyperref: PDFDocEncoding definition (HO)
Now handling font encoding PD1 ...
... no UTF-8 mapping file for font encoding PD1
)
\Hy@SavedSpaceFactor=\count93

("C:\Program Files\MiKTeX 2.9\tex\latex\00miktex\hyperref.cfg"
File: hyperref.cfg 2002/06/06 v1.2 hyperref configuration of TeXLive
)
Package hyperref Info: Option `unicode' set `true' on input line 4319.

("C:\Program Files\MiKTeX 2.9\tex\latex\hyperref\puenc.def"
File: puenc.def 2012/11/06 v6.83m Hyperref: PDF Unicode definition (HO)
Now handling font encoding PU ...
... no UTF-8 mapping file for font encoding PU
)
Package hyperref Info: Option `breaklinks' set `true' on input line 4319.
Package hyperref Info: Option `hypertexnames' set `false' on input line 4319.
Package hyperref Info: Hyper figures OFF on input line 4443.
Package hyperref Info: Link nesting OFF on input line 4448.
Package hyperref Info: Hyper index ON on input line 4451.
Package hyperref Info: Plain pages OFF on input line 4458.
Package hyperref Info: Backreferencing OFF on input line 4463.
Package hyperref Info: Implicit mode ON; LaTeX internals redefined.
Package hyperref Info: Bookmarks ON on input line 4688.
\c@Hy@tempcnt=\count94
LaTeX Info: Redefining \url on input line 5041.
\XeTeXLinkMargin=\dimen106
\Fld@menulength=\count95
\Field@Width=\dimen107
\Fld@charsize=\dimen108
Package hyperref Info: Hyper figures OFF on input line 6295.
Package hyperref Info: Link nesting OFF on input line 6300.
Package hyperref Info: Hyper index ON on input line 6303.
Package hyperref Info: backreferencing OFF on input line 6310.
Package hyperref Info: Link coloring OFF on input line 6315.
Package hyperref Info: Link coloring with OCG OFF on input line 6320.
Package hyperref Info: PDF/A mode OFF on input line 6325.
LaTeX Info: Redefining \ref on input line 6365.
LaTeX Info: Redefining \pageref on input line 6369.
\Hy@abspage=\count96
\c@Item=\count97
\c@Hfootnote=\count98
)

Package hyperref Message: Driver (autodetected): hpdftex.

("C:\Program Files\MiKTeX 2.9\tex\latex\hyperref\hpdftex.def"
File: hpdftex.def 2012/11/06 v6.83m Hyperref driver for pdfTeX
\Fld@listcount=\count99
\c@bookmark@seq@number=\count100

("C:\Program Files\MiKTeX 2.9\tex\latex\oberdiek\rerunfilecheck.sty"
Package: rerunfilecheck 2011/04/15 v1.7 Rerun checks for auxiliary files (HO)
Package uniquecounter Info: New unique counter `rerunfilecheck' on input line 282.
)
\Hy@SectionHShift=\skip43
)
("C:\Program Files\MiKTeX 2.9\tex\latex\pdfpages\pdfpages.sty"
Package: pdfpages 2013/08/25 v0.4v Insert pages of external PDF documents (AM)
 ("C:\Program Files\MiKTeX 2.9\tex\latex\base\ifthen.sty"
Package: ifthen 2001/05/26 v1.1c Standard LaTeX ifthen package (DPC)
) ("C:\Program Files\MiKTeX 2.9\tex\latex\tools\calc.sty"
Package: calc 2007/08/22 v4.3 Infix arithmetic (KKT,FJ)
\calc@Acount=\count101
\calc@Bcount=\count102
\calc@Adimen=\dimen109
\calc@Bdimen=\dimen110
\calc@Askip=\skip44
\calc@Bskip=\skip45
LaTeX Info: Redefining \setlength on input line 76.
LaTeX Info: Redefining \addtolength on input line 77.
\calc@Ccount=\count103
\calc@Cskip=\skip46
) ("C:\Program Files\MiKTeX 2.9\tex\latex\eso-pic\eso-pic.sty"
Package: eso-pic 2010/10/06 v2.0c eso-pic (RN)

("C:\Program Files\MiKTeX 2.9\tex\latex\xcolor\xcolor.sty"
Package: xcolor 2007/01/21 v2.11 LaTeX color extensions (UK)
 ("C:\Program Files\MiKTeX 2.9\tex\latex\00miktex\color.cfg"
File: color.cfg 2007/01/18 v1.5 color configuration of teTeX/TeXLive
)
Package xcolor Info: Driver file: pdftex.def on input line 225.
Package xcolor Info: Model `cmy' substituted by `cmy0' on input line 1337.
Package xcolor Info: Model `hsb' substituted by `rgb' on input line 1341.
Package xcolor Info: Model `RGB' extended on input line 1353.
Package xcolor Info: Model `HTML' substituted by `rgb' on input line 1355.
Package xcolor Info: Model `Hsb' substituted by `hsb' on input line 1356.
Package xcolor Info: Model `tHsb' substituted by `hsb' on input line 1357.
Package xcolor Info: Model `HSB' substituted by `hsb' on input line 1358.
Package xcolor Info: Model `Gray' substituted by `gray' on input line 1359.
Package xcolor Info: Model `wave' substituted by `hsb' on input line 1360.
)) ("C:\Program Files\MiKTeX 2.9\tex\latex\pdfpages\pppdftex.def"
File: pppdftex.def 2013/08/25 v0.4v Pdfpages driver for pdfTeX (AM)
)
\AM@pagebox=\box26
\AM@toc@title=\toks18
\c@AM@survey=\count104
\AM@templatesizebox=\box27
)
("C:\Program Files\MiKTeX 2.9\tex\latex\enumitem\enumitem.sty"
Package: enumitem 2011/09/28 v3.5.2 Customized lists
\labelindent=\skip47
\enit@outerparindent=\dimen111
\enit@toks=\toks19
\enit@inbox=\box28
\enitdp@description=\count105
) ("C:\Program Files\MiKTeX 2.9\tex\latex\cmap\cmap.sty"
Package: cmap 2008/03/06 v1.0h CMap support: searchable PDF
)
("C:\Program Files\MiKTeX 2.9\tex\latex\was\upgreek.sty"
Package: upgreek 2003/02/12 v2.0 (WaS)
Package upgreek Info: Using Euler Roman for upright Greek on input line 31.
\symugrf@m=\mathgroup4
LaTeX Font Info:    Overwriting symbol font `ugrf@m' in version `bold'
(Font)                  U/eur/m/n --> U/eur/b/n on input line 38.
) ("C:\Program Files\MiKTeX 2.9\tex\generic\babel\babel.sty"
Package: babel 2008/07/08 v3.8m The Babel package

*************************************
* Local config file bblopts.cfg used
*
("C:\Program Files\MiKTeX 2.9\tex\latex\00miktex\bblopts.cfg"
File: bblopts.cfg 2006/07/31 v1.0 MiKTeX 'babel' configuration
) ("C:\Program Files\MiKTeX 2.9\tex\generic\babel\czech.ldf"
Language: czech 2008/07/06 v3.1a Czech support from the babel system
 ("C:\Program Files\MiKTeX 2.9\tex\generic\babel\babel.def"
File: babel.def 2008/07/08 v3.8m Babel common definitions
\babel@savecnt=\count106
\U@D=\dimen112
)
Package babel Info: Making " an active character on input line 172.
\cs@wordlen=\count107
Package babel Info: Making - an active character on input line 226.
)) ("C:\Program Files\MiKTeX 2.9\tex\latex\lm\lmodern.sty"
Package: lmodern 2009/10/30 v1.6 Latin Modern Fonts
LaTeX Font Info:    Overwriting symbol font `operators' in version `normal'
(Font)                  OT1/cmr/m/n --> OT1/lmr/m/n on input line 22.
LaTeX Font Info:    Overwriting symbol font `letters' in version `normal'
(Font)                  OML/cmm/m/it --> OML/lmm/m/it on input line 23.
LaTeX Font Info:    Overwriting symbol font `symbols' in version `normal'
(Font)                  OMS/cmsy/m/n --> OMS/lmsy/m/n on input line 24.
LaTeX Font Info:    Overwriting symbol font `largesymbols' in version `normal'
(Font)                  OMX/cmex/m/n --> OMX/lmex/m/n on input line 25.
LaTeX Font Info:    Overwriting symbol font `operators' in version `bold'
(Font)                  OT1/cmr/bx/n --> OT1/lmr/bx/n on input line 26.
LaTeX Font Info:    Overwriting symbol font `letters' in version `bold'
(Font)                  OML/cmm/b/it --> OML/lmm/b/it on input line 27.
LaTeX Font Info:    Overwriting symbol font `symbols' in version `bold'
(Font)                  OMS/cmsy/b/n --> OMS/lmsy/b/n on input line 28.
LaTeX Font Info:    Overwriting symbol font `largesymbols' in version `bold'
(Font)                  OMX/cmex/m/n --> OMX/lmex/m/n on input line 29.
LaTeX Font Info:    Overwriting math alphabet `\mathbf' in version `normal'
(Font)                  OT1/cmr/bx/n --> OT1/lmr/bx/n on input line 31.
LaTeX Font Info:    Overwriting math alphabet `\mathsf' in version `normal'
(Font)                  OT1/cmss/m/n --> OT1/lmss/m/n on input line 32.
LaTeX Font Info:    Overwriting math alphabet `\mathit' in version `normal'
(Font)                  OT1/cmr/m/it --> OT1/lmr/m/it on input line 33.
LaTeX Font Info:    Overwriting math alphabet `\mathtt' in version `normal'
(Font)                  OT1/cmtt/m/n --> OT1/lmtt/m/n on input line 34.
LaTeX Font Info:    Overwriting math alphabet `\mathbf' in version `bold'
(Font)                  OT1/cmr/bx/n --> OT1/lmr/bx/n on input line 35.
LaTeX Font Info:    Overwriting math alphabet `\mathsf' in version `bold'
(Font)                  OT1/cmss/bx/n --> OT1/lmss/bx/n on input line 36.
LaTeX Font Info:    Overwriting math alphabet `\mathit' in version `bold'
(Font)                  OT1/cmr/bx/it --> OT1/lmr/bx/it on input line 37.
LaTeX Font Info:    Overwriting math alphabet `\mathtt' in version `bold'
(Font)                  OT1/cmtt/m/n --> OT1/lmtt/m/n on input line 38.
) ("C:\Program Files\MiKTeX 2.9\tex\latex\base\textcomp.sty"
Package: textcomp 2005/09/27 v1.99g Standard LaTeX package
Package textcomp Info: Sub-encoding information:
(textcomp)               5 = only ISO-Adobe without \textcurrency
(textcomp)               4 = 5 + \texteuro
(textcomp)               3 = 4 + \textohm
(textcomp)               2 = 3 + \textestimated + \textcurrency
(textcomp)               1 = TS1 - \textcircled - \t
(textcomp)               0 = TS1 (full)
(textcomp)             Font families with sub-encoding setting implement
(textcomp)             only a restricted character set as indicated.
(textcomp)             Family '?' is the default used for unknown fonts.
(textcomp)             See the documentation for details.
Package textcomp Info: Setting ? sub-encoding to TS1/1 on input line 71.
 ("C:\Program Files\MiKTeX 2.9\tex\latex\base\ts1enc.def"
File: ts1enc.def 2001/06/05 v3.0e (jk/car/fm) Standard LaTeX file
Now handling font encoding TS1 ...
... processing UTF-8 mapping file for font encoding TS1

("C:\Program Files\MiKTeX 2.9\tex\latex\base\ts1enc.dfu"
File: ts1enc.dfu 2008/04/05 v1.1m UTF-8 support for inputenc
   defining Unicode char U+00A2 (decimal 162)
   defining Unicode char U+00A3 (decimal 163)
   defining Unicode char U+00A4 (decimal 164)
   defining Unicode char U+00A5 (decimal 165)
   defining Unicode char U+00A6 (decimal 166)
   defining Unicode char U+00A7 (decimal 167)
   defining Unicode char U+00A8 (decimal 168)
   defining Unicode char U+00A9 (decimal 169)
   defining Unicode char U+00AA (decimal 170)
   defining Unicode char U+00AC (decimal 172)
   defining Unicode char U+00AE (decimal 174)
   defining Unicode char U+00AF (decimal 175)
   defining Unicode char U+00B0 (decimal 176)
   defining Unicode char U+00B1 (decimal 177)
   defining Unicode char U+00B2 (decimal 178)
   defining Unicode char U+00B3 (decimal 179)
   defining Unicode char U+00B4 (decimal 180)
   defining Unicode char U+00B5 (decimal 181)
   defining Unicode char U+00B6 (decimal 182)
   defining Unicode char U+00B7 (decimal 183)
   defining Unicode char U+00B9 (decimal 185)
   defining Unicode char U+00BA (decimal 186)
   defining Unicode char U+00BC (decimal 188)
   defining Unicode char U+00BD (decimal 189)
   defining Unicode char U+00BE (decimal 190)
   defining Unicode char U+00D7 (decimal 215)
   defining Unicode char U+00F7 (decimal 247)
   defining Unicode char U+0192 (decimal 402)
   defining Unicode char U+02C7 (decimal 711)
   defining Unicode char U+02D8 (decimal 728)
   defining Unicode char U+02DD (decimal 733)
   defining Unicode char U+0E3F (decimal 3647)
   defining Unicode char U+2016 (decimal 8214)
   defining Unicode char U+2020 (decimal 8224)
   defining Unicode char U+2021 (decimal 8225)
   defining Unicode char U+2022 (decimal 8226)
   defining Unicode char U+2030 (decimal 8240)
   defining Unicode char U+2031 (decimal 8241)
   defining Unicode char U+203B (decimal 8251)
   defining Unicode char U+203D (decimal 8253)
   defining Unicode char U+2044 (decimal 8260)
   defining Unicode char U+204E (decimal 8270)
   defining Unicode char U+2052 (decimal 8274)
   defining Unicode char U+20A1 (decimal 8353)
   defining Unicode char U+20A4 (decimal 8356)
   defining Unicode char U+20A6 (decimal 8358)
   defining Unicode char U+20A9 (decimal 8361)
   defining Unicode char U+20AB (decimal 8363)
   defining Unicode char U+20AC (decimal 8364)
   defining Unicode char U+20B1 (decimal 8369)
   defining Unicode char U+2103 (decimal 8451)
   defining Unicode char U+2116 (decimal 8470)
   defining Unicode char U+2117 (decimal 8471)
   defining Unicode char U+211E (decimal 8478)
   defining Unicode char U+2120 (decimal 8480)
   defining Unicode char U+2122 (decimal 8482)
   defining Unicode char U+2126 (decimal 8486)
   defining Unicode char U+2127 (decimal 8487)
   defining Unicode char U+212E (decimal 8494)
   defining Unicode char U+2190 (decimal 8592)
   defining Unicode char U+2191 (decimal 8593)
   defining Unicode char U+2192 (decimal 8594)
   defining Unicode char U+2193 (decimal 8595)
   defining Unicode char U+2329 (decimal 9001)
   defining Unicode char U+232A (decimal 9002)
   defining Unicode char U+2422 (decimal 9250)
   defining Unicode char U+25E6 (decimal 9702)
   defining Unicode char U+25EF (decimal 9711)
   defining Unicode char U+266A (decimal 9834)
))
LaTeX Info: Redefining \oldstylenums on input line 266.
Package textcomp Info: Setting cmr sub-encoding to TS1/0 on input line 281.
Package textcomp Info: Setting cmss sub-encoding to TS1/0 on input line 282.
Package textcomp Info: Setting cmtt sub-encoding to TS1/0 on input line 283.
Package textcomp Info: Setting cmvtt sub-encoding to TS1/0 on input line 284.
Package textcomp Info: Setting cmbr sub-encoding to TS1/0 on input line 285.
Package textcomp Info: Setting cmtl sub-encoding to TS1/0 on input line 286.
Package textcomp Info: Setting ccr sub-encoding to TS1/0 on input line 287.
Package textcomp Info: Setting ptm sub-encoding to TS1/4 on input line 288.
Package textcomp Info: Setting pcr sub-encoding to TS1/4 on input line 289.
Package textcomp Info: Setting phv sub-encoding to TS1/4 on input line 290.
Package textcomp Info: Setting ppl sub-encoding to TS1/3 on input line 291.
Package textcomp Info: Setting pag sub-encoding to TS1/4 on input line 292.
Package textcomp Info: Setting pbk sub-encoding to TS1/4 on input line 293.
Package textcomp Info: Setting pnc sub-encoding to TS1/4 on input line 294.
Package textcomp Info: Setting pzc sub-encoding to TS1/4 on input line 295.
Package textcomp Info: Setting bch sub-encoding to TS1/4 on input line 296.
Package textcomp Info: Setting put sub-encoding to TS1/5 on input line 297.
Package textcomp Info: Setting uag sub-encoding to TS1/5 on input line 298.
Package textcomp Info: Setting ugq sub-encoding to TS1/5 on input line 299.
Package textcomp Info: Setting ul8 sub-encoding to TS1/4 on input line 300.
Package textcomp Info: Setting ul9 sub-encoding to TS1/4 on input line 301.
Package textcomp Info: Setting augie sub-encoding to TS1/5 on input line 302.
Package textcomp Info: Setting dayrom sub-encoding to TS1/3 on input line 303.
Package textcomp Info: Setting dayroms sub-encoding to TS1/3 on input line 304.
Package textcomp Info: Setting pxr sub-encoding to TS1/0 on input line 305.
Package textcomp Info: Setting pxss sub-encoding to TS1/0 on input line 306.
Package textcomp Info: Setting pxtt sub-encoding to TS1/0 on input line 307.
Package textcomp Info: Setting txr sub-encoding to TS1/0 on input line 308.
Package textcomp Info: Setting txss sub-encoding to TS1/0 on input line 309.
Package textcomp Info: Setting txtt sub-encoding to TS1/0 on input line 310.
Package textcomp Info: Setting lmr sub-encoding to TS1/0 on input line 311.
Package textcomp Info: Setting lmdh sub-encoding to TS1/0 on input line 312.
Package textcomp Info: Setting lmss sub-encoding to TS1/0 on input line 313.
Package textcomp Info: Setting lmssq sub-encoding to TS1/0 on input line 314.
Package textcomp Info: Setting lmvtt sub-encoding to TS1/0 on input line 315.
Package textcomp Info: Setting qhv sub-encoding to TS1/0 on input line 316.
Package textcomp Info: Setting qag sub-encoding to TS1/0 on input line 317.
Package textcomp Info: Setting qbk sub-encoding to TS1/0 on input line 318.
Package textcomp Info: Setting qcr sub-encoding to TS1/0 on input line 319.
Package textcomp Info: Setting qcs sub-encoding to TS1/0 on input line 320.
Package textcomp Info: Setting qpl sub-encoding to TS1/0 on input line 321.
Package textcomp Info: Setting qtm sub-encoding to TS1/0 on input line 322.
Package textcomp Info: Setting qzc sub-encoding to TS1/0 on input line 323.
Package textcomp Info: Setting qhvc sub-encoding to TS1/0 on input line 324.
Package textcomp Info: Setting futs sub-encoding to TS1/4 on input line 325.
Package textcomp Info: Setting futx sub-encoding to TS1/4 on input line 326.
Package textcomp Info: Setting futj sub-encoding to TS1/4 on input line 327.
Package textcomp Info: Setting hlh sub-encoding to TS1/3 on input line 328.
Package textcomp Info: Setting hls sub-encoding to TS1/3 on input line 329.
Package textcomp Info: Setting hlst sub-encoding to TS1/3 on input line 330.
Package textcomp Info: Setting hlct sub-encoding to TS1/5 on input line 331.
Package textcomp Info: Setting hlx sub-encoding to TS1/5 on input line 332.
Package textcomp Info: Setting hlce sub-encoding to TS1/5 on input line 333.
Package textcomp Info: Setting hlcn sub-encoding to TS1/5 on input line 334.
Package textcomp Info: Setting hlcw sub-encoding to TS1/5 on input line 335.
Package textcomp Info: Setting hlcf sub-encoding to TS1/5 on input line 336.
Package textcomp Info: Setting pplx sub-encoding to TS1/3 on input line 337.
Package textcomp Info: Setting pplj sub-encoding to TS1/3 on input line 338.
Package textcomp Info: Setting ptmx sub-encoding to TS1/4 on input line 339.
Package textcomp Info: Setting ptmj sub-encoding to TS1/4 on input line 340.
) ("C:\Program Files\MiKTeX 2.9\tex\latex\base\fontenc.sty"
Package: fontenc 2005/09/27 v1.99g Standard LaTeX package

("C:\Program Files\MiKTeX 2.9\tex\latex\base\t1enc.def"
File: t1enc.def 2005/09/27 v1.99g Standard LaTeX file
LaTeX Font Info:    Redeclaring font encoding T1 on input line 43.
)<<t1.cmap>>)
\@input{mystyles.aux}
("C:\Users\krejci\OneDrive\VUT - diplomka\mystyles.tex" ("C:\Program Files\MiKTeX 2.9\tex\latex\listings\listings.sty"
\lst@mode=\count108
\lst@gtempboxa=\box29
\lst@token=\toks20
\lst@length=\count109
\lst@currlwidth=\dimen113
\lst@column=\count110
\lst@pos=\count111
\lst@lostspace=\dimen114
\lst@width=\dimen115
\lst@newlines=\count112
\lst@lineno=\count113
\lst@maxwidth=\dimen116

("C:\Program Files\MiKTeX 2.9\tex\latex\listings\lstmisc.sty"
File: lstmisc.sty 2013/08/05 1.5a (Carsten Heinz)
\c@lstnumber=\count114
\lst@skipnumbers=\count115
\lst@framebox=\box30
)
("C:\Program Files\MiKTeX 2.9\tex\latex\listings\listings.cfg"
File: listings.cfg 2013/08/05 1.5a listings configuration
))
Package: listings 2013/08/05 1.5a (Carsten Heinz)
 ("C:\Program Files\MiKTeX 2.9\tex\latex\was\gensymb.sty"
Package: gensymb 2003/07/02 v1.0 (WaS)
) ("C:\Program Files\MiKTeX 2.9\tex\latex\listings\lstlang1.sty"
File: lstlang1.sty 2013/08/05 1.5a listings language file
)
("C:\Program Files\MiKTeX 2.9\tex\latex\listings\lstlang1.sty"
File: lstlang1.sty 2013/08/05 1.5a listings language file
)
("C:\Program Files\MiKTeX 2.9\tex\latex\listings\lstlang1.sty"
File: lstlang1.sty 2013/08/05 1.5a listings language file
)
("C:\Program Files\MiKTeX 2.9\tex\latex\listings\lstlang1.sty"
File: lstlang1.sty 2013/08/05 1.5a listings language file
)) ("C:\Users\krejci\OneDrive\VUT - diplomka\thesis.sty"
Package: thesis 2014/12/23v2.59LaTeX document class


Styl 'thesis.sty' pro psani kvalifikacnich praci v(2.59) na VUT v Brne

\USenglishvut=\count116
\germanvut=\count117
\austriavut=\count118
\frenchvut=\count119
\englishvut=\count120
\czechvut=\count121
\slovakvut=\count122
\thesis@tmp=\skip48
) ("C:\Users\krejci\OneDrive\VUT - diplomka\sablona.aux" ("C:\Users\krejci\OneDrive\VUT - diplomka\text/uvod.aux")
("C:\Users\krejci\OneDrive\VUT - diplomka\text/iot.aux") ("C:\Users\krejci\OneDrive\VUT - diplomka\text/embed.aux")
("C:\Users\krejci\OneDrive\VUT - diplomka\text/unipi.aux") ("C:\Users\krejci\OneDrive\VUT - diplomka\text/modul.aux"

LaTeX Warning: Label `BlokovkaIQRF' multiply defined.


LaTeX Warning: Label `ObrazekAnteny' multiply defined.

) ("C:\Users\krejci\OneDrive\VUT - diplomka\text/wmbus.aux") ("C:\Users\krejci\OneDrive\VUT - diplomka\text/zarizeni.aux
") ("C:\Users\krejci\OneDrive\VUT - diplomka\text/implementace.aux")
("C:\Users\krejci\OneDrive\VUT - diplomka\text/todo.aux") ("C:\Users\krejci\OneDrive\VUT - diplomka\text/zaver.aux")
("C:\Users\krejci\OneDrive\VUT - diplomka\text/literatura.aux")
("C:\Users\krejci\OneDrive\VUT - diplomka\text/zkratky.aux"))
LaTeX Font Info:    Checking defaults for OML/cmm/m/it on input line 157.
LaTeX Font Info:    ... okay on input line 157.
LaTeX Font Info:    Checking defaults for T1/cmr/m/n on input line 157.
LaTeX Font Info:    ... okay on input line 157.
LaTeX Font Info:    Checking defaults for OT1/cmr/m/n on input line 157.
LaTeX Font Info:    ... okay on input line 157.
LaTeX Font Info:    Checking defaults for OMS/cmsy/m/n on input line 157.
LaTeX Font Info:    ... okay on input line 157.
LaTeX Font Info:    Checking defaults for OMX/cmex/m/n on input line 157.
LaTeX Font Info:    ... okay on input line 157.
LaTeX Font Info:    Checking defaults for U/cmr/m/n on input line 157.
LaTeX Font Info:    ... okay on input line 157.
LaTeX Font Info:    Checking defaults for PD1/pdf/m/n on input line 157.
LaTeX Font Info:    ... okay on input line 157.
LaTeX Font Info:    Checking defaults for PU/pdf/m/n on input line 157.
LaTeX Font Info:    ... okay on input line 157.
LaTeX Font Info:    Checking defaults for TS1/cmr/m/n on input line 157.
LaTeX Font Info:    Try loading font information for TS1+cmr on input line 157.
 ("C:\Program Files\MiKTeX 2.9\tex\latex\base\ts1cmr.fd"
File: ts1cmr.fd 1999/05/25 v2.5h Standard LaTeX font definitions
)
LaTeX Font Info:    ... okay on input line 157.
LaTeX Font Info:    Try loading font information for T1+lmr on input line 157.

("C:\Program Files\MiKTeX 2.9\tex\latex\lm\t1lmr.fd"
File: t1lmr.fd 2009/10/30 v1.6 Font defs for Latin Modern
) ("C:\Program Files\MiKTeX 2.9\tex\context\base\supp-pdf.mkii"
[Loading MPS to PDF converter (version 2006.09.02).]
\scratchcounter=\count123
\scratchdimen=\dimen117
\scratchbox=\box31
\nofMPsegments=\count124
\nofMParguments=\count125
\everyMPshowfont=\toks21
\MPscratchCnt=\count126
\MPscratchDim=\dimen118
\MPnumerator=\count127
\makeMPintoPDFobject=\count128
\everyMPtoPDFconversion=\toks22
)
\AtBeginShipoutBox=\box32
Package hyperref Info: Link coloring OFF on input line 157.
 ("C:\Program Files\MiKTeX 2.9\tex\latex\hyperref\nameref.sty"
Package: nameref 2012/10/27 v2.43 Cross-referencing by name of section

("C:\Program Files\MiKTeX 2.9\tex\generic\oberdiek\gettitlestring.sty"
Package: gettitlestring 2010/12/03 v1.4 Cleanup title references (HO)
)
\c@section@level=\count129
)
LaTeX Info: Redefining \ref on input line 157.
LaTeX Info: Redefining \pageref on input line 157.
LaTeX Info: Redefining \nameref on input line 157.

("C:\Users\krejci\OneDrive\VUT - diplomka\sablona.out") ("C:\Users\krejci\OneDrive\VUT - diplomka\sablona.out")
\@outlinefile=\write4
\c@lstlisting=\count130
\symgns@font=\mathgroup5
LaTeX Font Info:    Overwriting symbol font `gns@font' in version `bold'
(Font)                  TS1/lmr/m/n --> TS1/lmr/bx/n on input line 157.
Package gensymb Info: Math companion symbols declared on input line 157.
LaTeX Info: Redefining \degree on input line 157.
LaTeX Info: Redefining \celsius on input line 157.
Package gensymb Info: Using text companion symbols for \degree, \celsius and \perthousand on input line 157.
LaTeX Info: Redefining \ohm on input line 157.
Package gensymb Info: Using \textohm for \ohm on input line 157.
Package gensymb Info: Using \textmu for \micro on input line 157.

("C:\Users\krejci\OneDrive\VUT - diplomka\sablona.toc"
LaTeX Font Info:    Try loading font information for OT1+lmr on input line 7.
 ("C:\Program Files\MiKTeX 2.9\tex\latex\lm\ot1lmr.fd"
File: ot1lmr.fd 2009/10/30 v1.6 Font defs for Latin Modern
)<<ot1.cmap>>
LaTeX Font Info:    Try loading font information for OML+lmm on input line 7.
 ("C:\Program Files\MiKTeX 2.9\tex\latex\lm\omllmm.fd"
File: omllmm.fd 2009/10/30 v1.6 Font defs for Latin Modern
)<<oml.cmap>>
LaTeX Font Info:    Try loading font information for OMS+lmsy on input line 7.

("C:\Program Files\MiKTeX 2.9\tex\latex\lm\omslmsy.fd"
File: omslmsy.fd 2009/10/30 v1.6 Font defs for Latin Modern
)<<oms.cmap>>
LaTeX Font Info:    Try loading font information for OMX+lmex on input line 7.
 ("C:\Program Files\MiKTeX 2.9\tex\latex\lm\omxlmex.fd"
File: omxlmex.fd 2009/10/30 v1.6 Font defs for Latin Modern
)
LaTeX Font Info:    External font `lmex10' loaded for size
(Font)              <12> on input line 7.
<<omx.cmap>>
LaTeX Font Info:    External font `lmex10' loaded for size
(Font)              <8> on input line 7.
LaTeX Font Info:    External font `lmex10' loaded for size
(Font)              <6> on input line 7.
LaTeX Font Info:    Try loading font information for TS1+lmr on input line 7.
 ("C:\Program Files\MiKTeX 2.9\tex\latex\lm\ts1lmr.fd"
File: ts1lmr.fd 2009/10/30 v1.6 Font defs for Latin Modern
) [1





{C:/ProgramData/MiKTeX/2.9/pdftex/config/pdftex.map}] [2])
\tf@toc=\write5
 [3] ("C:\Users\krejci\OneDrive\VUT - diplomka\sablona.lof")
\tf@lof=\write6
 [4


]
("C:\Users\krejci\OneDrive\VUT - diplomka\sablona.lot")
\tf@lot=\write7
 [5


] ("C:\Users\krejci\OneDrive\VUT - diplomka\text/uvod.tex")
[6


] ("C:\Users\krejci\OneDrive\VUT - diplomka\text/iot.tex"
LaTeX Font Info:    External font `lmex10' loaded for size
(Font)              <10.95> on input line 17.
 [7



]) [8]
("C:\Users\krejci\OneDrive\VUT - diplomka\text/embed.tex"
Overfull \hbox (4.38486pt too wide) in paragraph at lines 28--29
[]\T1/lmr/m/n/12 Na des-kách bývá n¥-ko-lik diod, re-se-to-vací tla-£ítko, r·zné p°í-davné sb¥r-nice (UART,
 []


Overfull \hbox (3.51254pt too wide) in paragraph at lines 30--31
[]\T1/lmr/m/n/12 Arduino pod-po-ruje p°i-po-jení roz-²i-°u-jí-cích ka-ret. Ty se u Ar-duina na-zý-vají Shieldy,
 []

[9



] <obrazky/emded_arduino_uno.png, id=724, 598.48593pt x 411.03563pt>
File: obrazky/emded_arduino_uno.png Graphic file (type png)
 <use obrazky/emded_arduino_uno.png>
Package pdftex.def Info: obrazky/emded_arduino_uno.png used on input line 40.
(pdftex.def)             Requested size: 119.69505pt x 82.20566pt.

<obrazky/emded_arduino_mega.png, id=728, 225.84375pt x 114.4275pt>
File: obrazky/emded_arduino_mega.png Graphic file (type png)
 <use obrazky/emded_arduino_mega.png>
Package pdftex.def Info: obrazky/emded_arduino_mega.png used on input line 53.
(pdftex.def)             Requested size: 203.25748pt x 102.9838pt.


LaTeX Warning: `!h' float specifier changed to `!ht'.

[10 <C:/Users/krejci/OneDrive/VUT - diplomka/obrazky/emded_arduino_uno.png>]
<obrazky/emded_arduino_nano.png, id=741, 313.17pt x 144.54pt>
File: obrazky/emded_arduino_nano.png Graphic file (type png)
 <use obrazky/emded_arduino_nano.png>
Package pdftex.def Info: obrazky/emded_arduino_nano.png used on input line 75.
(pdftex.def)             Requested size: 156.58461pt x 72.2698pt.


LaTeX Warning: `!h' float specifier changed to `!ht'.

<obrazky/emded_arduino_fio.png, id=744, 355.3275pt x 150.5625pt>
File: obrazky/emded_arduino_fio.png Graphic file (type png)
 <use obrazky/emded_arduino_fio.png>
Package pdftex.def Info: obrazky/emded_arduino_fio.png used on input line 88.
(pdftex.def)             Requested size: 142.12846pt x 60.22392pt.
 [11 <C:/Users/krejci/OneDrive/VUT - diplomka/obrazky/emded_arduino_mega.png>]
<obrazky/emded_arduino_lilipad.png, id=755, 554.07pt x 458.71375pt>
File: obrazky/emded_arduino_lilipad.png Graphic file (type png)
 <use obrazky/emded_arduino_lilipad.png>
Package pdftex.def Info: obrazky/emded_arduino_lilipad.png used on input line 97.
(pdftex.def)             Requested size: 55.41023pt x 45.87405pt.

<obrazky/emded_arduino_yun.png, id=757, 1565.85pt x 1147.28625pt>
File: obrazky/emded_arduino_yun.png Graphic file (type png)
 <use obrazky/emded_arduino_yun.png>
Package pdftex.def Info: obrazky/emded_arduino_yun.png used on input line 106.
(pdftex.def)             Requested size: 78.29707pt x 57.36766pt.
 [12 <C:/Users/krejci/OneDrive/VUT - diplomka/obrazky/emded_arduino_nano.png> <C:/Users/krejci/OneDrive/VUT - diplomka/o
brazky/emded_arduino_fio.png (PNG copy)> <C:/Users/krejci/OneDrive/VUT - diplomka/obrazky/emded_arduino_lilipad.png>]
Overfull \hbox (4.14624pt too wide) in paragraph at lines 128--129
\T1/lmr/m/n/12 LABduino je £eský klon Ar-duina vy-tvo-°ený z ote-v°ené elek-tro-nické sta-veb-nice MLAB. 
 []

[13 <C:/Users/krejci/OneDrive/VUT - diplomka/obrazky/emded_arduino_yun.png>] [14] [15]
<obrazky/embed_raspi_1.png, id=795, 402.75468pt x 89.58469pt>
File: obrazky/embed_raspi_1.png Graphic file (type png)
 <use obrazky/embed_raspi_1.png>
Package pdftex.def Info: obrazky/embed_raspi_1.png used on input line 197.
(pdftex.def)             Requested size: 362.47586pt x 80.62546pt.

<obrazky/embed_raspi_all.png, id=798, 572.1375pt x 146.79843pt>
File: obrazky/embed_raspi_all.png Graphic file (type png)
 <use obrazky/embed_raspi_all.png>
Package pdftex.def Info: obrazky/embed_raspi_all.png used on input line 214.
(pdftex.def)             Requested size: 343.28514pt x 88.07973pt.
 [16 <C:/Users/krejci/OneDrive/VUT - diplomka/obrazky/embed_raspi_1.png> <C:/Users/krejci/OneDrive/VUT - diplomka/obrazk
y/embed_raspi_all.png>]
Overfull \hbox (1.77939pt too wide) in paragraph at lines 266--267
\T1/lmr/m/n/12 OrangePi je al-ter-na-tiva pro RaspberryPi vzni-ka-jící v po-sled-ních dvou le-tech. V²echny
 []

[17] [18] <obrazky/embed_cubie_1.png, id=822, 656.4525pt x 414.79968pt>
File: obrazky/embed_cubie_1.png Graphic file (type png)
 <use obrazky/embed_cubie_1.png>
Package pdftex.def Info: obrazky/embed_cubie_1.png used on input line 294.
(pdftex.def)             Requested size: 229.76181pt x 145.18207pt.

Overfull \hbox (2.11508pt too wide) in paragraph at lines 300--301
[]\T1/lmr/m/n/12 CubieBoardy jiº po-sky-tují do-sta-te£ný vý-kon pro em-be-e-ded za-°í-zení, p°i-ná²í oproti
 []

[19 <C:/Users/krejci/OneDrive/VUT - diplomka/obrazky/embed_cubie_1.png>]
<obrazky/embed_pine.png, id=832, 317.68687pt x 191.9672pt>
File: obrazky/embed_pine.png Graphic file (type png)
 <use obrazky/embed_pine.png>
Package pdftex.def Info: obrazky/embed_pine.png used on input line 320.
(pdftex.def)             Requested size: 254.14983pt x 153.57396pt.
 [20 <C:/Users/krejci/OneDrive/VUT - diplomka/obrazky/embed_pine.png>] [21] <obrazky/embed_beaglebone_black.png, id=847,
 337.26pt x 228.855pt>
File: obrazky/embed_beaglebone_black.png Graphic file (type png)

<use obrazky/embed_beaglebone_black.png>
Package pdftex.def Info: obrazky/embed_beaglebone_black.png used on input line 353.
(pdftex.def)             Requested size: 269.80836pt x 183.08423pt.
 <obrazky/embed_intel_galileo.png, id=851, 657.95813pt x 434.37282pt>
File: obrazky/embed_intel_galileo.png Graphic file (type png)

<use obrazky/embed_intel_galileo.png>
Package pdftex.def Info: obrazky/embed_intel_galileo.png used on input line 377.
(pdftex.def)             Requested size: 328.97826pt x 217.18587pt.


LaTeX Warning: `!h' float specifier changed to `!ht'.

[22 <C:/Users/krejci/OneDrive/VUT - diplomka/obrazky/embed_beaglebone_black.png>]
<obrazky/embed_intel_edison2.png, id=860, 331.2375pt x 150.5625pt>
File: obrazky/embed_intel_edison2.png Graphic file (type png)
 <use obrazky/embed_intel_edison2.png>
Package pdftex.def Info: obrazky/embed_intel_edison2.png used on input line 391.
(pdftex.def)             Requested size: 165.61833pt x 75.28105pt.

<obrazky/embed_intel_edison1.png, id=862, 256.96pt x 144.54pt>
File: obrazky/embed_intel_edison1.png Graphic file (type png)
 <use obrazky/embed_intel_edison1.png>
Package pdftex.def Info: obrazky/embed_intel_edison1.png used on input line 399.
(pdftex.def)             Requested size: 154.17719pt x 86.72466pt.
 [23 <C:/Users/krejci/OneDrive/VUT - diplomka/obrazky/embed_intel_galileo.png> <C:/Users/krejci/OneDrive/VUT - diplomka/
obrazky/embed_intel_edison2.png>] <obrazky/embed_amd_gizmo1.png, id=870, 599.99156pt x 421.575pt>
File: obrazky/embed_amd_gizmo1.png Graphic file (type png)
 <use obrazky/embed_amd_gizmo1.png>
Package pdftex.def Info: obrazky/embed_amd_gizmo1.png used on input line 424.
(pdftex.def)             Requested size: 179.99886pt x 126.47346pt.

[24 <C:/Users/krejci/OneDrive/VUT - diplomka/obrazky/embed_intel_edison1.png> <C:/Users/krejci/OneDrive/VUT - diplomka/o
brazky/embed_amd_gizmo1.png>]) [25] ("C:\Users\krejci\OneDrive\VUT - diplomka\text/unipi.tex"
LaTeX Font Info:    External font `lmex10' loaded for size
(Font)              <10> on input line 30.
LaTeX Font Info:    External font `lmex10' loaded for size
(Font)              <7> on input line 30.
LaTeX Font Info:    External font `lmex10' loaded for size
(Font)              <5> on input line 30.
 [26



]
<obrazky/unipi_v1.png, id=899, 591.71063pt x 271.0125pt>
File: obrazky/unipi_v1.png Graphic file (type png)
 <use obrazky/unipi_v1.png>
Package pdftex.def Info: obrazky/unipi_v1.png used on input line 52.
(pdftex.def)             Requested size: 414.19461pt x 189.70744pt.
 [27 <C:/Users/krejci/OneDrive/VUT - diplomka/obrazky/unipi_v1.png>] <obrazky/unipi_schema1.png, id=908, 463.7325pt x 24
9.18094pt>
File: obrazky/unipi_schema1.png Graphic file (type png)

<use obrazky/unipi_schema1.png>
Package pdftex.def Info: obrazky/unipi_schema1.png used on input line 76.
(pdftex.def)             Requested size: 324.61052pt x 174.42545pt.
 <obrazky/unipi_unipi_deska.png, id=910, 341.02406pt x 225.84375pt>
File: obrazky/unipi_unipi_deska.png Graphic file (type png)

<use obrazky/unipi_unipi_deska.png>
Package pdftex.def Info: obrazky/unipi_unipi_deska.png used on input line 104.
(pdftex.def)             Requested size: 272.81961pt x 180.67523pt.
 [28 <C:/Users/krejci/OneDrive/VUT - diplomka/obrazky/unipi_schema1.png>] [29 <C:/Users/krejci/OneDrive/VUT - diplomka/o
brazky/unipi_unipi_deska.png>]
<obrazky/unipi_unipi_verze.png, id=921, 368.87813pt x 225.84375pt>
File: obrazky/unipi_unipi_verze.png Graphic file (type png)
 <use obrazky/unipi_unipi_verze.png>
Package pdftex.def Info: obrazky/unipi_unipi_verze.png used on input line 130.
(pdftex.def)             Requested size: 387.32219pt x 237.13603pt.
 [30 <C:/Users/krejci/OneDrive/VUT - diplomka/obrazky/unipi_unipi_verze.png>]
Overfull \hbox (19.4742pt too wide) in paragraph at lines 161--162
[]\T1/lmr/m/n/12 Písmeno x v ta-bulce ([]3.2[]) bývá na-hra-zeno £ís-lem 1-3 dle osa-ze-ného typu RaspberryPi: 
 []

<obrazky/unipi_propojbrain.png, id=933, 325.215pt x 453.94594pt>
File: obrazky/unipi_propojbrain.png Graphic file (type png)
 <use obrazky/unipi_propojbrain.png>
Package pdftex.def Info: obrazky/unipi_propojbrain.png used on input line 181.
(pdftex.def)             Requested size: 227.64894pt x 317.75998pt.

<obrazky/unipi_propojuvnitr.png, id=935, 566.86781pt x 225.84375pt>
File: obrazky/unipi_propojuvnitr.png Graphic file (type png)
 <use obrazky/unipi_propojuvnitr.png>
Package pdftex.def Info: obrazky/unipi_propojuvnitr.png used on input line 191.
(pdftex.def)             Requested size: 368.4597pt x 146.79669pt.


LaTeX Warning: `!h' float specifier changed to `!ht'.

<obrazky/unipi_schema2.png, id=937, 685.05937pt x 291.33844pt>
File: obrazky/unipi_schema2.png Graphic file (type png)
 <use obrazky/unipi_schema2.png>
Package pdftex.def Info: obrazky/unipi_schema2.png used on input line 200.
(pdftex.def)             Requested size: 376.78381pt x 160.23663pt.
 [31 <C:/Users/krejci/OneDrive/VUT - diplomka/obrazky/unipi_propojbrain.png>] [32 <C:/Users/krejci/OneDrive/VUT - diplom
ka/obrazky/unipi_propojuvnitr.png> <C:/Users/krejci/OneDrive/VUT - diplomka/obrazky/unipi_schema2.png>] [33]
<obrazky/sbernice_uart.png, id=956, 314.67563pt x 57.96657pt>
File: obrazky/sbernice_uart.png Graphic file (type png)
 <use obrazky/sbernice_uart.png>
Package pdftex.def Info: obrazky/sbernice_uart.png used on input line 263.
(pdftex.def)             Requested size: 314.67485pt x 57.96642pt.
 [34 <C:/Users/krejci/OneDrive/VUT - diplomka/obrazky/sbernice_uart.png>] <obrazky/sbernice_gpio.png, id=966, 471.26062p
t x 322.95656pt>
File: obrazky/sbernice_gpio.png Graphic file (type png)

<use obrazky/sbernice_gpio.png>
Package pdftex.def Info: obrazky/sbernice_gpio.png used on input line 302.
(pdftex.def)             Requested size: 188.5009pt x 129.18033pt.


LaTeX Warning: `!h' float specifier changed to `!ht'.

<obrazky/unipi_gpio.png, id=967, 440.39531pt x 322.20375pt>
File: obrazky/unipi_gpio.png Graphic file (type png)
 <use obrazky/unipi_gpio.png>
Package pdftex.def Info: obrazky/unipi_gpio.png used on input line 309.
(pdftex.def)             Requested size: 264.23921pt x 193.32373pt.


LaTeX Warning: `!h' float specifier changed to `!ht'.

[35] [36 <C:/Users/krejci/OneDrive/VUT - diplomka/obrazky/sbernice_gpio.png> <C:/Users/krejci/OneDrive/VUT - diplomka/ob
razky/unipi_gpio.png>]
Overfull \hbox (59.79036pt too wide) in paragraph at lines 346--348
\T1/lmr/bx/n/12 vis, p°í-padn¥ vlastní for-mou vi-zu-a-li-zace na-m¥-°e-ných dat.[] [][][][][][] 
 []

) [37] ("C:\Users\krejci\OneDrive\VUT - diplomka\text/modul.tex"
Overfull \hbox (6.46037pt too wide) in paragraph at lines 1--1
[]\T1/lmr/bx/n/17.28 KOMUNIKANÍ MO-DUL WI-RE-LESS M-BUS 
 []

<obrazky/modul_modul.png, id=990, 689.57625pt x 258.9675pt>
File: obrazky/modul_modul.png Graphic file (type png)
 <use obrazky/modul_modul.png>
Package pdftex.def Info: obrazky/modul_modul.png used on input line 11.
(pdftex.def)             Requested size: 413.74893pt x 155.38168pt.

Underfull \hbox (badness 10000) in paragraph at lines 20--22

 []

[38



 <C:/Users/krejci/OneDrive/VUT - diplomka/obrazky/modul_modul.png>]
<obrazky/modul_block.png, id=998, 484.81125pt x 194.22563pt>
File: obrazky/modul_block.png Graphic file (type png)
 <use obrazky/modul_block.png>
Package pdftex.def Info: obrazky/modul_block.png used on input line 27.
(pdftex.def)             Requested size: 387.84952pt x 155.3807pt.

<obrazky/modul_antena.png, id=1000, 522.45187pt x 162.6075pt>
File: obrazky/modul_antena.png Graphic file (type png)
 <use obrazky/modul_antena.png>
Package pdftex.def Info: obrazky/modul_antena.png used on input line 41.
(pdftex.def)             Requested size: 365.7138pt x 113.82446pt.
 [39 <C:/Users/krejci/OneDrive/VUT - diplomka/obrazky/modul_block.png> <C:/Users/krejci/OneDrive/VUT - diplomka/obrazky/
modul_antena.png>]
<obrazky/modul_topologie.png, id=1010, 644.4075pt x 262.73157pt>
File: obrazky/modul_topologie.png Graphic file (type png)
 <use obrazky/modul_topologie.png>
Package pdftex.def Info: obrazky/modul_topologie.png used on input line 61.
(pdftex.def)             Requested size: 386.64748pt x 157.64014pt.

<obrazky/modul_zada.png, id=1012, 640.64343pt x 383.93437pt>
File: obrazky/modul_zada.png Graphic file (type png)
 <use obrazky/modul_zada.png>
Package pdftex.def Info: obrazky/modul_zada.png used on input line 73.
(pdftex.def)             Requested size: 256.25282pt x 153.57101pt.
 [40 <C:/Users/krejci/OneDrive/VUT - diplomka/obrazky/modul_topologie.png> <C:/Users/krejci/OneDrive/VUT - diplomka/obra
zky/modul_zada.png>]
LaTeX Font Info:    Try loading font information for T1+lmtt on input line 82.

("C:\Program Files\MiKTeX 2.9\tex\latex\lm\t1lmtt.fd"
File: t1lmtt.fd 2009/10/30 v1.6 Font defs for Latin Modern
)) [41] ("C:\Users\krejci\OneDrive\VUT - diplomka\text/wmbus.tex"
[42



] [43] [44]
Overfull \hbox (36.18404pt too wide) in paragraph at lines 76--77
[]\T1/lmr/m/n/12 Princip obou-sm¥rné ko-mu-ni-kace v mó-dech T2 a S2 je zná-zor-n¥n na [][][][][][]
 []

<obrazky/wmbus_obousmerne.png, id=1048, 359.09157pt x 253.69781pt>
File: obrazky/wmbus_obousmerne.png Graphic file (type png)
 <use obrazky/wmbus_obousmerne.png>
Package pdftex.def Info: obrazky/wmbus_obousmerne.png used on input line 80.
(pdftex.def)             Requested size: 359.09068pt x 253.69719pt.


LaTeX Warning: `!h' float specifier changed to `!ht'.

[45 <C:/Users/krejci/OneDrive/VUT - diplomka/obrazky/wmbus_obousmerne.png>]

LaTeX Warning: Citation `PaketWm3' on page 46 undefined on input line 129.

[46] <obrazky/wmbus_manchester.png, id=1066, 866.48718pt x 298.11375pt>
File: obrazky/wmbus_manchester.png Graphic file (type png)
 <use obrazky/wmbus_manchester.png>
Package pdftex.def Info: obrazky/wmbus_manchester.png used on input line 173.
(pdftex.def)             Requested size: 259.94815pt x 89.43481pt.
 [47 <C:/Users/krejci/OneDrive/VUT - diplomka/obrazky/wmbus_manchester.png>] [48] [49]
<obrazky/sifrovani_vektor.png, id=1093, 427.5975pt x 70.76437pt>
File: obrazky/sifrovani_vektor.png Graphic file (type png)
 <use obrazky/sifrovani_vektor.png>
Package pdftex.def Info: obrazky/sifrovani_vektor.png used on input line 304.
(pdftex.def)             Requested size: 384.83418pt x 63.68733pt.
 [50 <C:/Users/krejci/OneDrive/VUT - diplomka/obrazky/sifrovani_vektor.png>]
Overfull \hbox (0.87144pt too wide) in paragraph at lines 315--316
[][][][][][][] 
 []

) [51] ("C:\Users\krejci\OneDrive\VUT - diplomka\text/zarizeni.tex"
<obrazky/bonega_fotky.png, id=1105, 514.92375pt x 191.21437pt>
File: obrazky/bonega_fotky.png Graphic file (type png)
 <use obrazky/bonega_fotky.png>
Package pdftex.def Info: obrazky/bonega_fotky.png used on input line 21.
(pdftex.def)             Requested size: 360.44417pt x 133.84914pt.
 [52



 <C:/Users/krejci/OneDrive/VUT - diplomka/obrazky/bonega_fotky.png>] [53]
Overfull \hbox (2.52914pt too wide) in paragraph at lines 91--92
[]\T1/lmr/m/n/12 Modul Bo-nega pra-cuje pouze v re-ºimu ²if-ro-vání p°e-ná-²en-ných dat po-mocí AES128
 []


Overfull \hbox (0.63774pt too wide) in paragraph at lines 114--115
[][][][][][][] 
 []

<obrazky/weptech_fotky.png, id=1122, 596.98032pt x 189.70876pt>
File: obrazky/weptech_fotky.png Graphic file (type png)
 <use obrazky/weptech_fotky.png>
Package pdftex.def Info: obrazky/weptech_fotky.png used on input line 127.
(pdftex.def)             Requested size: 417.88336pt x 132.79521pt.
 [54 <C:/Users/krejci/OneDrive/VUT - diplomka/obrazky/weptech_fotky.png>] [55] [56] [57]) [58]
("C:\Users\krejci\OneDrive\VUT - diplomka\text/implementace.tex"
Overfull \hbox (0.95749pt too wide) in paragraph at lines 32--33
[]\T1/lmr/m/n/12 V sou-boru /bo-o-t/cmd-line.txt je po-t°eba ode-brat úsek textu \T1/lmr/m/it/12 con-sole=ttyAMA0,
 []

[59



] [60] [61]

LaTeX Warning: No positions in optional float specifier.
               Default added (so using `tbp') on input line 153.


LaTeX Warning: Float too large for page by 5.40791pt on input line 190.

[62] [63] [64]
Overfull \hbox (6.31635pt too wide) in paragraph at lines 262--263
\T1/lmr/m/n/12 zyka Py-thon v p°í-kazu screen. [][][][][][]
 []


LaTeX Warning: No positions in optional float specifier.
               Default added (so using `!tbp') on input line 264.

<obrazky/aplikace_diagram.pdf, id=1215, 697.8572pt x 1015.54407pt>
File: obrazky/aplikace_diagram.pdf Graphic file (type pdf)
 <use obrazky/aplikace_diagram.pdf>
Package pdftex.def Info: obrazky/aplikace_diagram.pdf used on input line 266.
(pdftex.def)             Requested size: 418.71754pt x 609.33115pt.
 [65] [66 <C:/Users/krejci/OneDrive/VUT - diplomka/obrazky/aplikace_diagram.pdf>]) [67]
("C:\Users\krejci\OneDrive\VUT - diplomka\text/todo.tex"
Overfull \hbox (46.92688pt too wide) in paragraph at lines 3--4
[][][][][][] 
 []

) [68



] ("C:\Users\krejci\OneDrive\VUT - diplomka\text/zaver.tex") [69



]
("C:\Users\krejci\OneDrive\VUT - diplomka\text/literatura.tex"
Underfull \hbox (badness 10000) in paragraph at lines 15--16
\T1/lmtt/m/n/12 jsessionid = 4B46107107AC62A5CB24E33F6A51A5E4 ? preview = &dokkey =
 []


Underfull \hbox (badness 1365) in paragraph at lines 19--20
\T1/lmr/m/n/12 10-15]. Do-stupné z: []$\T1/lmtt/m/n/12 http : / / www . svethardware . cz / internet -[] of -[] things -
[]
 []


Underfull \hbox (badness 10000) in paragraph at lines 23--24
\T1/lmr/m/n/12 z: []$\T1/lmtt/m/n/12 http : / / byznys . ihned . cz / c1 -[] 64009970 -[] prumyslova -[] revoluce -[] 4 
-[] 0 -[]
 []


Underfull \hbox (badness 10000) in paragraph at lines 23--24
\T1/lmtt/m/n/12 za -[] 10 -[] let -[] se -[] tovarny -[] budou -[] ridit -[] samy -[] a -[] produktivita -[] vzroste -[]
 o -[]
 []

[70




] [71]
Underfull \hbox (badness 1648) in paragraph at lines 59--60
[]\T1/lmr/m/n/12 Intel Ga-li-leo. \T1/lmr/m/it/12 IoT Hard-ware Share \T1/lmr/m/n/12 [on-line]. 2016 [cit. 2016-12-14]. 
Do-
 []

[72]
Underfull \hbox (badness 4242) in paragraph at lines 83--84
[]\T1/lmr/m/n/12 SoC and Me-mory Spe-ci-fi-cation \T1/lmr/m/it/12 PINE64 \T1/lmr/m/n/12 [on-line]. 2016 [cit. 2016-12-
 []


Underfull \hbox (badness 3375) in paragraph at lines 91--92
\T1/lmr/m/n/12 2016-12-14]. Do-stupné z: []$\T1/lmtt/m/n/12 https : / / www . element14 . com / community / docs /
 []


Underfull \hbox (badness 2384) in paragraph at lines 99--100
[]\T1/lmr/m/n/12 Wireless Me-ter Bus, WM-Bus Tech-no-logy \T1/lmr/m/it/12 Radio-Electronics.com - Ad-
 []


Underfull \hbox (badness 10000) in paragraph at lines 99--100
\T1/lmr/m/it/12 rio Com-mu-ni-cati-ons Ltd \T1/lmr/m/n/12 [on-line]. 2016 [cit. 2016-12-14]. Do-stupné
 []


Underfull \hbox (badness 10000) in paragraph at lines 99--100
\T1/lmr/m/n/12 z: []$\T1/lmtt/m/n/12 http : / / www . radio -[] electronics . com / info / wireless / wireless -[] m -[]

 []


Underfull \hbox (badness 8151) in paragraph at lines 105--106
[]\T1/lmr/m/n/12 Wireless M-Bus / OMS Hu-mi-dity and tem-pe-ra-ture sen-sor WEP-
 []


Underfull \hbox (badness 2469) in paragraph at lines 105--106
\T1/lmr/m/n/12 OMSF-868A \T1/lmr/m/it/12 WEP-TECH elek-tro-nik GmbH \T1/lmr/m/n/12 [on-line]. 2016 [cit. 2016-12-
 []

[73]
Underfull \hbox (badness 5203) in paragraph at lines 111--112
[]\T1/lmr/m/n/12 PiBrella com-pa-ti-bi-lity \T1/lmr/m/it/12 Mod-MyPi \T1/lmr/m/n/12 [on-line]. 2016 [cit. 2016-12-14]. D
o-
 []


Underfull \hbox (badness 10000) in paragraph at lines 111--112
\T1/lmr/m/n/12 stupné z: []$\T1/lmtt/m/n/12 http : / / forum . modmypi . com / technical -[] support / pibrella -[]
 []


Underfull \hbox (badness 1038) in paragraph at lines 113--114
\T1/lmr/m/n/12 2016-12-14]. Do-stupné z: []$\T1/lmtt/m/n/12 http : / / www . iqrf . org / products / transceivers /
 []

[74]) ("C:\Users\krejci\OneDrive\VUT - diplomka\text/zkratky.tex"
LaTeX Font Info:    Try loading font information for T1+lmss on input line 1.
 ("C:\Program Files\MiKTeX 2.9\tex\latex\lm\t1lmss.fd"
File: t1lmss.fd 2009/10/30 v1.6 Font defs for Latin Modern
) [75




] [76] [77] [78]) ("C:\Users\krejci\OneDrive\VUT - diplomka\sablona.toa")
\tf@toa=\write8
Package atveryend Info: Empty hook `BeforeClearDocument' on input line 247.
 [78


]
Package atveryend Info: Empty hook `AfterLastShipout' on input line 247.

("C:\Users\krejci\OneDrive\VUT - diplomka\sablona.aux" ("C:\Users\krejci\OneDrive\VUT - diplomka\text/uvod.aux")
("C:\Users\krejci\OneDrive\VUT - diplomka\text/iot.aux") ("C:\Users\krejci\OneDrive\VUT - diplomka\text/embed.aux")
("C:\Users\krejci\OneDrive\VUT - diplomka\text/unipi.aux") ("C:\Users\krejci\OneDrive\VUT - diplomka\text/modul.aux")
("C:\Users\krejci\OneDrive\VUT - diplomka\text/wmbus.aux") ("C:\Users\krejci\OneDrive\VUT - diplomka\text/zarizeni.aux")
("C:\Users\krejci\OneDrive\VUT - diplomka\text/implementace.aux") ("C:\Users\krejci\OneDrive\VUT - diplomka\text/todo.au
x") ("C:\Users\krejci\OneDrive\VUT - diplomka\text/zaver.aux")
("C:\Users\krejci\OneDrive\VUT - diplomka\text/literatura.aux")
("C:\Users\krejci\OneDrive\VUT - diplomka\text/zkratky.aux"))
Package atveryend Info: Executing hook `AtVeryEndDocument' on input line 247.
Package atveryend Info: Executing hook `AtEndAfterFileList' on input line 247.
Package rerunfilecheck Info: File `sablona.out' has not changed.
(rerunfilecheck)             Checksum: DA6D8A1971FA85E12220BC177D498198;13792.


LaTeX Warning: There were undefined references.


LaTeX Warning: There were multiply-defined labels.

Package atveryend Info: Empty hook `AtVeryVeryEnd' on input line 247.
 ) 
Here is how much of TeX's memory you used:
 14575 strings out of 493921
 207302 string characters out of 3147279
 313744 words of memory out of 3000000
 17155 multiletter control sequences out of 15000+200000
 74995 words of font info for 66 fonts, out of 3000000 for 9000
 841 hyphenation exceptions out of 8191
 38i,15n,54p,1178b,1323s stack positions out of 5000i,500n,10000p,200000b,50000s
pdfTeX warning (dest): name{prilohaB} has been referenced but does not exist, replaced by a fixed one

pdfTeX warning (dest): name{apendix-tablebig} has been referenced but does not exist, replaced by a fixed one

{C:/Program Files/MiKTeX 2.9/fonts/enc/dvips/lm/lm-ec.enc}{C:/Program Files/MiKTeX 2.9/fonts/enc/dvips/lm/lm-mathsy.enc}
{C:/Program Files/MiKTeX 2.9/fonts/enc/dvips/lm/lm-mathit.enc}{C:/Program Files/MiKTeX 2.9/fonts/enc/dvips/lm/lm-ts1.enc
}<C:/Program Files/MiKTeX 2.9/fonts/type1/public/lm/lmbx10.pfb><C:/Program Files/MiKTeX 2.9/fonts/type1/public/lm/lmbx12
.pfb><C:/Program Files/MiKTeX 2.9/fonts/type1/public/lm/lmmi12.pfb><C:/Program Files/MiKTeX 2.9/fonts/type1/public/lm/lm
r10.pfb><C:/Program Files/MiKTeX 2.9/fonts/type1/public/lm/lmr12.pfb><C:/Program Files/MiKTeX 2.9/fonts/type1/public/lm/
lmr7.pfb><C:/Program Files/MiKTeX 2.9/fonts/type1/public/lm/lmr8.pfb><C:/Program Files/MiKTeX 2.9/fonts/type1/public/lm/
lmri12.pfb><C:/Program Files/MiKTeX 2.9/fonts/type1/public/lm/lmsy10.pfb><C:/Program Files/MiKTeX 2.9/fonts/type1/public
/lm/lmtt12.pfb>
Output written on sablona.pdf (79 pages, 10616543 bytes).
PDF statistics:
 1493 PDF objects out of 1728 (max. 8388607)
 338 named destinations out of 1000 (max. 500000)
 969 words of extra memory for PDF output out of 10000 (max. 10000000)

