\BOOKMARK [0][-]{section*.5}{\376\377\000\332\000v\000o\000d}{}% 1
\BOOKMARK [0][-]{chapter.6}{\376\377\000I\000n\000t\000e\000r\000n\000e\000t\000\040\000v\001\033\000c\000\355}{}% 2
\BOOKMARK [1][-]{section.7}{\376\377\000S\000p\000o\000t\001\131\000e\000b\000i\000t\000e\000l\000s\000k\000\375\000\040\000I\000n\000t\000e\000r\000n\000e\000t\000\040\000v\001\033\000c\000\355}{chapter.6}% 3
\BOOKMARK [1][-]{section.8}{\376\377\000P\000r\001\157\000m\000y\000s\000l\000o\000v\000\375\000\040\000I\000n\000t\000e\000r\000n\000e\000t\000\040\000v\001\033\000c\000\355}{chapter.6}% 4
\BOOKMARK [0][-]{chapter.10}{\376\377\000E\000m\000b\000e\000d\000d\000e\000d\000\040\000z\000a\001\131\000\355\000z\000e\000n\000\355\000\040\000p\000r\000o\000\040\000I\000o\000T}{}% 5
\BOOKMARK [1][-]{section.11}{\376\377\000A\000r\000d\000u\000i\000n\000o}{chapter.10}% 6
\BOOKMARK [2][-]{subsection.12}{\376\377\000A\000r\000d\000u\000i\000n\000o\000\040\000D\000u\000e\000m\000i\000l\000a\000n\000o\000v\000e}{section.11}% 7
\BOOKMARK [2][-]{subsection.14}{\376\377\000A\000r\000d\000u\000i\000n\000o\000\040\000U\000n\000o}{section.11}% 8
\BOOKMARK [2][-]{subsection.16}{\376\377\000A\000r\000d\000u\000i\000n\000o\000\040\000L\000e\000o\000n\000a\000r\000d\000o}{section.11}% 9
\BOOKMARK [2][-]{subsection.18}{\376\377\000A\000r\000d\000u\000i\000n\000o\000\040\000M\000e\000g\000a}{section.11}% 10
\BOOKMARK [2][-]{subsection.20}{\376\377\000A\000r\000d\000u\000i\000n\000o\000\040\000D\000u\000e}{section.11}% 11
\BOOKMARK [2][-]{subsection.22}{\376\377\000A\000r\000d\000u\000i\000n\000o\000\040\000M\000i\000n\000i}{section.11}% 12
\BOOKMARK [2][-]{subsection.24}{\376\377\000A\000r\000d\000u\000i\000n\000o\000\040\000M\000i\000c\000r\000o}{section.11}% 13
\BOOKMARK [2][-]{subsection.26}{\376\377\000A\000r\000d\000u\000i\000n\000o\000\040\000N\000a\000n\000o}{section.11}% 14
\BOOKMARK [2][-]{subsection.28}{\376\377\000A\000r\000d\000u\000i\000n\000o\000\040\000F\000i\000o}{section.11}% 15
\BOOKMARK [2][-]{subsection.30}{\376\377\000L\000i\000l\000y\000p\000a\000d\000\040\000A\000r\000d\000u\000i\000n\000o}{section.11}% 16
\BOOKMARK [2][-]{subsection.32}{\376\377\000A\000r\000d\000u\000i\000n\000o\000\040\000Y\000u\000n}{section.11}% 17
\BOOKMARK [1][-]{section.34}{\376\377\000A\000r\000d\000u\000i\000n\000o\000\040\000k\000l\000o\000n\000y}{chapter.10}% 18
\BOOKMARK [2][-]{subsection.35}{\376\377\000F\000r\000e\000e\000d\000u\000i\000n\000o}{section.34}% 19
\BOOKMARK [2][-]{subsection.36}{\376\377\000L\000A\000B\000d\000u\000i\000n\000o}{section.34}% 20
\BOOKMARK [2][-]{subsection.37}{\376\377\000A\000r\000d\000u\000e\000l\000o\000\040\000L\000i\000b\000e\000r\000o}{section.34}% 21
\BOOKMARK [2][-]{subsection.38}{\376\377\000B\000a\000r\000e\000\040\000B\000o\000n\000e\000s\000\040\000B\000o\000a\000r\000d}{section.34}% 22
\BOOKMARK [2][-]{subsection.39}{\376\377\000R\000u\000n\000t\000i\000m\000e}{section.34}% 23
\BOOKMARK [2][-]{subsection.40}{\376\377\000N\000a\000n\000o\000d\000e}{section.34}% 24
\BOOKMARK [2][-]{subsection.41}{\376\377\000F\000r\000e\000a\000d\000u\000i\000n\000o}{section.34}% 25
\BOOKMARK [2][-]{subsection.42}{\376\377\000S\000e\000e\000e\000d\000u\000i\000n\000o}{section.34}% 26
\BOOKMARK [2][-]{subsection.43}{\376\377\000T\000e\000e\000n\000s\000y}{section.34}% 27
\BOOKMARK [2][-]{subsection.44}{\376\377\000D\000i\000a\000v\000o\000l\000i\000n\000o}{section.34}% 28
\BOOKMARK [2][-]{subsection.45}{\376\377\000B\000o\000a\000r\000d\000u\000i\000n\000o}{section.34}% 29
\BOOKMARK [1][-]{section.46}{\376\377\000R\000a\000s\000p\000b\000e\000r\000r\000y\000P\000i}{chapter.10}% 30
\BOOKMARK [2][-]{subsection.47}{\376\377\000R\000a\000s\000p\000b\000e\000r\000r\000y\000P\000i}{section.46}% 31
\BOOKMARK [2][-]{subsection.49}{\376\377\000R\000a\000s\000p\000b\000e\000r\000r\000y\000P\000i\000\040\0002}{section.46}% 32
\BOOKMARK [2][-]{subsection.51}{\376\377\000R\000a\000s\000p\000b\000e\000r\000r\000y\000P\000i\000\040\0003}{section.46}% 33
\BOOKMARK [2][-]{subsection.52}{\376\377\000R\000a\000s\000p\000b\000e\000r\000r\000y\000P\000i\000\040\000Z\000e\000r\000o}{section.46}% 34
\BOOKMARK [1][-]{section.53}{\376\377\000R\000a\000s\000p\000b\000e\000r\000r\000y\000P\000i\000\040\000k\000l\000o\000n\000y}{chapter.10}% 35
\BOOKMARK [2][-]{subsection.54}{\376\377\000B\000a\000n\000a\000n\000a\000P\000i}{section.53}% 36
\BOOKMARK [2][-]{subsection.55}{\376\377\000O\000r\000a\000n\000g\000e\000P\000i}{section.53}% 37
\BOOKMARK [2][-]{subsection.56}{\376\377\000C\000u\000b\000i\000e\000B\000o\000a\000r\000d}{section.53}% 38
\BOOKMARK [2][-]{subsection.58}{\376\377\000U\000p\000\040\000B\000o\000a\000r\000d}{section.53}% 39
\BOOKMARK [2][-]{subsection.59}{\376\377\000P\000I\000N\000E\0006\0004}{section.53}% 40
\BOOKMARK [2][-]{subsection.61}{\376\377\000H\000a\000r\000d\000K\000e\000r\000n\000e\000l\000\040\000O\000d\000r\000o\000i\000d}{section.53}% 41
\BOOKMARK [2][-]{subsection.62}{\376\377\000B\000e\000a\000g\000l\000e\000B\000o\000a\000r\000d\000\040}{section.53}% 42
\BOOKMARK [1][-]{section.64}{\376\377\000I\000n\000t\000e\000l}{chapter.10}% 43
\BOOKMARK [2][-]{subsection.65}{\376\377\000I\000n\000t\000e\000l\000\040\000G\000a\000l\000i\000l\000e\000o}{section.64}% 44
\BOOKMARK [2][-]{subsection.67}{\376\377\000I\000n\000t\000e\000l\000\040\000E\000d\000i\000s\000o\000n}{section.64}% 45
\BOOKMARK [1][-]{section.70}{\376\377\000A\000M\000D\000\040\000G\000i\000z\000m\000o}{chapter.10}% 46
\BOOKMARK [0][-]{chapter.72}{\376\377\000R\000o\000z\001\141\000i\001\131\000u\000j\000\355\000c\000\355\000\040\000d\000e\000s\000k\000a\000\040\000U\000n\000i\000P\000i}{}% 47
\BOOKMARK [1][-]{section.75}{\376\377\000U\000n\000i\000P\000i\000\040\000v\0001}{chapter.72}% 48
\BOOKMARK [1][-]{section.79}{\376\377\000U\000n\000i\000P\000i\000\040\000v\0002\000\040\000-\000\040\000N\000e\000u\000r\000o\000n}{chapter.72}% 49
\BOOKMARK [1][-]{section.89}{\376\377\000S\000r\000o\000v\000n\000\341\000n\000\355\000\040\000o\000b\000o\000u\000\040\000v\000e\000r\000z\000\355}{chapter.72}% 50
\BOOKMARK [1][-]{section.90}{\376\377\000S\000b\001\033\000r\000n\000i\000c\000e\000\040\000n\000a\000\040\000U\000n\000i\000P\000i}{chapter.72}% 51
\BOOKMARK [2][-]{subsection.91}{\376\377\000U\000A\000R\000T}{section.90}% 52
\BOOKMARK [2][-]{subsection.93}{\376\377\000S\000P\000I}{section.90}% 53
\BOOKMARK [2][-]{subsection.94}{\376\377\000R\000S\000-\0004\0008\0005}{section.90}% 54
\BOOKMARK [2][-]{subsection.95}{\376\377\000I\0002\000C}{section.90}% 55
\BOOKMARK [2][-]{subsection.96}{\376\377\0001\000W\000i\000r\000e}{section.90}% 56
\BOOKMARK [2][-]{subsection.97}{\376\377\000G\000P\000I\000O}{section.90}% 57
\BOOKMARK [1][-]{section.99}{\376\377\000S\000o\000f\000t\000w\000a\000r\000e\000\040\000p\000r\000o\000\040\000U\000n\000i\000P\000i}{chapter.72}% 58
\BOOKMARK [0][-]{chapter.100}{\376\377\000K\000o\000m\000u\000n\000i\000k\000a\001\015\000n\000\355\000\040\000m\000o\000d\000u\000l\000\040\000W\000i\000r\000e\000l\000e\000s\000s\000\040\000M\000-\000B\000u\000s}{}% 59
\BOOKMARK [1][-]{section.101}{\376\377\000O\000b\000e\000c\000n\000\375\000\040\000p\000o\000p\000i\000s\000\040\000m\000o\000d\000u\000l\000u\000\040\000T\000R\000-\0007\0002\000D\000-\000W\000M\000B}{chapter.100}% 60
\BOOKMARK [1][-]{section.105}{\376\377\000K\000o\000m\000u\000n\000i\000k\000a\001\015\000n\000\355\000\040\000m\000\363\000d\000y}{chapter.100}% 61
\BOOKMARK [1][-]{section.107}{\376\377\000K\000o\000m\000u\000n\000i\000k\000a\001\015\000n\000\355\000\040\000p\000r\000o\000t\000o\000k\000o\000l}{chapter.100}% 62
\BOOKMARK [0][-]{chapter.114}{\376\377\000W\000i\000r\000e\000l\000e\000s\000s\000\040\000M\000-\000B\000u\000s\000\040\000p\000r\000o\000t\000o\000k\000o\000l}{}% 63
\BOOKMARK [1][-]{section.116}{\376\377\000P\000r\000i\000n\000c\000i\000p\000\040\000k\000o\000m\000u\000n\000i\000k\000a\000c\000e}{chapter.114}% 64
\BOOKMARK [1][-]{section.117}{\376\377\000R\000e\001\176\000i\000m\000y\000\040\000p\001\131\000e\000n\000o\000s\000u}{chapter.114}% 65
\BOOKMARK [1][-]{section.120}{\376\377\000S\000t\000r\000u\000k\000t\000u\000r\000a\000\040\000z\000a\000s\000\355\000l\000a\000n\000\375\000c\000h\000\040\000d\000a\000t}{chapter.114}% 66
\BOOKMARK [1][-]{section.124}{\376\377\000P\000o\000p\000i\000s\000\040\000j\000e\000d\000n\000o\000t\000l\000i\000v\000\375\000c\000h\000\040\000v\000r\000s\000t\000e\000v}{chapter.114}% 67
\BOOKMARK [2][-]{subsection.125}{\376\377\000F\000y\000z\000i\000c\000k\000\341\000\040\000v\000r\000s\000t\000v\000a\000\040\000W\000i\000r\000e\000l\000e\000s\000s\000\040\000M\000-\000B\000u\000s}{section.124}% 68
\BOOKMARK [2][-]{subsection.129}{\376\377\000L\000i\000n\000k\000o\000v\000\341\000\040\000v\000r\000s\000t\000v\000a\000\040\000W\000i\000r\000e\000l\000e\000s\000s\000\040\000M\000-\000B\000u\000s}{section.124}% 69
\BOOKMARK [1][-]{section.136}{\376\377\001\140\000i\000f\000r\000o\000v\000\341\000n\000\355\000\040\000d\000a\000t}{chapter.114}% 70
\BOOKMARK [2][-]{subsection.137}{\376\377\001\140\000i\000f\000r\000o\000v\000a\000c\000\355\000\040\000a\000l\000g\000o\000r\000i\000t\000m\000u\000s\000\040\000D\000E\000S}{section.136}% 71
\BOOKMARK [2][-]{subsection.138}{\376\377\001\140\000i\000f\000r\000o\000v\000a\000c\000\355\000\040\000a\000l\000g\000o\000r\000i\000t\000m\000u\000s\000\040\000A\000E\000S}{section.136}% 72
\BOOKMARK [2][-]{subsection.139}{\376\377\000U\000r\001\015\000e\000n\000\355\000\040\001\141\000i\000f\000r\000o\000v\000a\000n\000\375\000c\000h\000\040\000d\000a\000t}{section.136}% 73
\BOOKMARK [2][-]{subsection.140}{\376\377\000M\000\363\000d\000y\000\040\001\141\000i\000f\000r\000o\000v\000\341\000n\000\355\000\040\000A\000E\000S}{section.136}% 74
\BOOKMARK [2][-]{subsection.141}{\376\377\001\140\000i\000f\000r\000o\000v\000a\000c\000\355\000\040\000k\000l\000\355\001\015}{section.136}% 75
\BOOKMARK [2][-]{subsection.142}{\376\377\000I\000n\000i\000c\000i\000a\000l\000i\000z\000a\001\015\000n\000\355\000\040\000v\000e\000k\000t\000o\000r}{section.136}% 76
\BOOKMARK [2][-]{subsection.144}{\376\377\000P\000r\000i\000n\000c\000i\000p\000\040\000d\000e\001\141\000i\000f\000r\000o\000v\000\341\000n\000\355}{section.136}% 77
\BOOKMARK [2][-]{subsection.145}{\376\377\000K\000o\000n\000t\000r\000o\000l\000a\000\040\000r\000o\000z\001\141\000i\000f\000r\000o\000v\000\341\000n\000\355\000\040\000d\000a\000t}{section.136}% 78
\BOOKMARK [0][-]{chapter.146}{\376\377\000V\000y\001\015\000\355\000t\000a\000n\000\341\000\040\000W\000i\000r\000e\000l\000e\000s\000s\000\040\000M\000-\000B\000u\000s\000\040\000z\000a\001\131\000\355\000z\000e\000n\000\355}{}% 79
\BOOKMARK [1][-]{section.147}{\376\377\000W\000e\000p\000t\000e\000c\000h\000\040\000O\000M\000S\000T\000-\0008\0006\0008\000A}{chapter.146}% 80
\BOOKMARK [1][-]{section.155}{\376\377\000B\000o\000n\000e\000g\000a}{chapter.146}% 81
\BOOKMARK [1][-]{section.160}{\376\377\000K\000a\000m\000s\000t\000r\000u\000p}{chapter.146}% 82
\BOOKMARK [1][-]{section.165}{\376\377\000Z\000P\000A}{chapter.146}% 83
\BOOKMARK [0][-]{chapter.169}{\376\377\000N\000\341\000v\000r\000h\000\040\000i\000m\000p\000l\000e\000m\000e\000n\000t\000a\000c\000e}{}% 84
\BOOKMARK [1][-]{section.172}{\376\377\000V\000\375\000b\001\033\000r\000\040\000O\000S}{chapter.169}% 85
\BOOKMARK [1][-]{section.187}{\376\377\000V\000\375\000b\001\033\000r\000\040\000p\000r\000o\000g\000r\000a\000m\000o\000v\000a\000c\000\355\000h\000o\000\040\000j\000a\000z\000y\000k\000a}{chapter.169}% 86
\BOOKMARK [1][-]{section.188}{\376\377\000N\000a\000s\000t\000a\000v\000e\000n\000\355\000\040\000k\000o\000m\000u\000n\000i\000k\000a\001\015\000n\000\355\000h\000o\000\040\000m\000o\000d\000u\000l\000u\000\040\000a\000\040\001\015\000i\000d\000l\000a}{chapter.169}% 87
\BOOKMARK [1][-]{section.189}{\376\377\000Z\000a\000j\000i\001\141\000t\001\033\000n\000\355\000\040\000d\000e\000d\000i\000k\000o\000v\000a\000n\000\351\000h\000o\000\040\000b\001\033\000h\000u}{chapter.169}% 88
\BOOKMARK [1][-]{section.193}{\376\377\000Z\000a\000j\000i\001\141\000t\001\033\000n\000\355\000\040\000p\000o\000d\000p\000o\000r\000y\000\040\001\141\000i\000f\000r\000o\000v\000\341\000n\000\355}{chapter.169}% 89
\BOOKMARK [1][-]{section.198}{\376\377\000Z\000p\000r\000a\000c\000o\000v\000\341\000n\000\355\000\040\000d\000a\000t}{chapter.169}% 90
\BOOKMARK [2][-]{subsection.199}{\376\377\000N\000e\001\141\000i\000f\000r\000o\000v\000a\000n\000\375\000\040\000p\001\131\000e\000n\000o\000s}{section.198}% 91
\BOOKMARK [2][-]{subsection.200}{\376\377\001\140\000i\000f\000r\000o\000v\000a\000n\000\375\000\040\000p\001\131\000e\000n\000o\000s}{section.198}% 92
\BOOKMARK [1][-]{section.202}{\376\377\000Z\000a\000j\000i\001\141\000t\001\033\000n\000\355\000\040\000u\000l\000o\001\176\000e\000n\000\355\000\040\000d\000a\000t}{chapter.169}% 93
\BOOKMARK [1][-]{section.206}{\376\377\000Z\000a\000j\000i\001\141\000t\001\033\000n\000\355\000\040\000v\000i\000z\000u\000a\000l\000i\000z\000a\000c\000e\000\040\000d\000a\000t}{chapter.169}% 94
\BOOKMARK [1][-]{section.207}{\376\377\000S\000t\000r\000u\000k\000t\000u\000r\000a\000\040\000a\000p\000l\000i\000k\000a\000c\000e}{chapter.169}% 95
\BOOKMARK [2][-]{subsection.208}{\376\377\000S\000t\000a\000r\000t\000\040\000p\000r\000o\000g\000r\000a\000m\000u\000\040\000v\000\040\000r\000\341\000m\000c\000i\000\040\000o\000p\000e\000r\000a\001\015\000n\000\355\000h\000o\000\040\000s\000y\000s\000t\000\351\000m\000u}{section.207}% 96
\BOOKMARK [2][-]{subsection.210}{\376\377\000S\000t\000a\000r\000t\000\040\000p\000r\000o\000g\000r\000a\000m\000u\000\040\000z\000\040\000p\000o\000h\000l\000e\000d\000u\000\040\000a\000p\000l\000i\000k\000a\000c\000e}{section.207}% 97
\BOOKMARK [2][-]{subsection.211}{\376\377\000Z\000\341\000k\000l\000a\000d\000n\000\355\000\040\000k\000o\000n\000t\000r\000o\000l\000a\000\040\000a\000\040\000p\000a\000r\000s\000o\000v\000\341\000n\000\355\000\040\000d\000a\000t}{section.207}% 98
\BOOKMARK [2][-]{subsection.212}{\376\377\000D\000e\001\141\000i\000f\000r\000o\000v\000\341\000n\000\355\000\040\000d\000a\000t}{section.207}% 99
\BOOKMARK [2][-]{subsection.213}{\376\377\000P\000a\000r\000s\000o\000v\000\341\000n\000\355\000\040\000d\000a\000t}{section.207}% 100
\BOOKMARK [2][-]{subsection.214}{\376\377\000U\000l\000o\001\176\000e\000n\000\355\000\040\000d\000a\000t}{section.207}% 101
\BOOKMARK [2][-]{subsection.215}{\376\377\000E\000x\000p\000o\000r\000t\000\040\000d\000a\000t}{section.207}% 102
\BOOKMARK [2][-]{subsection.216}{\376\377\000V\000i\000z\000u\000a\000l\000i\000z\000a\000c\000e\000\040\000d\000a\000t}{section.207}% 103
\BOOKMARK [2][-]{subsection.218}{\376\377\000O\001\141\000e\000t\001\131\000e\000n\000\355\000\040\000c\000h\000y\000b\000\040\000a\000\040\000v\000y\000j\000\355\000m\000e\000k}{section.207}% 104
\BOOKMARK [0][-]{chapter.219}{\376\377\000Z\000\341\000v\001\033\000r}{}% 105
\BOOKMARK [0][-]{section*.221}{\376\377\000L\000i\000t\000e\000r\000a\000t\000u\000r\000a}{}% 106
\BOOKMARK [0][-]{section*.223}{\376\377\000S\000e\000z\000n\000a\000m\000\040\000s\000y\000m\000b\000o\000l\001\157\000,\000\040\000v\000e\000l\000i\001\015\000i\000n\000\040\000a\000\040\000z\000k\000r\000a\000t\000e\000k}{}% 107
\BOOKMARK [0][-]{section*.225}{\376\377\000S\000e\000z\000n\000a\000m\000\040\000p\001\131\000\355\000l\000o\000h}{}% 108
\BOOKMARK [0][-]{chapter.226}{\376\377\000P\001\131\000e\000h\000l\000e\000d\000\040\000p\000a\000r\000a\000m\000e\000t\000r\001\157\000\040\000j\000e\000d\000n\000o\000t\000l\000i\000v\000\375\000c\000h\000\040\000j\000e\000d\000n\000o\000d\000e\000s\000k\000o\000v\000\375\000c\000h\000\040\000p\000o\001\015\000\355\000t\000a\001\015\001\157\000\040}{}% 109
\BOOKMARK [0][-]{chapter.228}{\376\377\000U\000k\000\341\000z\000k\000a\000\040\000z\000a\000c\000h\000y\000c\000e\000n\000\375\000c\000h\000\040\000d\000a\000t\000\040}{}% 110
\BOOKMARK [0][-]{chapter.255}{\376\377\000U\000k\000\341\000z\000k\000a\000\040\000v\000i\000z\000u\000a\000l\000i\000z\000a\000c\000e\000\040\000d\000a\000t\000\040}{}% 111
\BOOKMARK [0][-]{chapter.256}{\376\377\000O\000b\000s\000a\000h\000\040\000p\001\131\000i\000l\000o\001\176\000e\000n\000\351\000h\000o\000\040\000D\000V\000D\000\040}{}% 112
